Analysis & Synthesis report for fsm-moore
Sat Sep 03 22:05:51 2022
Quartus Prime Version 16.0.0 Build 211 04/27/2016 SJ Lite Edition


---------------------
; Table of Contents ;
---------------------
  1. Legal Notice
  2. Analysis & Synthesis Summary
  3. Analysis & Synthesis Settings
  4. Parallel Compilation
  5. Analysis & Synthesis Source Files Read
  6. Analysis & Synthesis Resource Usage Summary
  7. Analysis & Synthesis Resource Utilization by Entity
  8. State Machine - |fsm_moore|state
  9. General Register Statistics
 10. Post-Synthesis Netlist Statistics for Top Partition
 11. Elapsed Time Per Partition
 12. Analysis & Synthesis Messages



----------------
; Legal Notice ;
----------------
Copyright (C) 1991-2016 Altera Corporation. All rights reserved.
Your use of Altera Corporation's design tools, logic functions 
and other software and tools, and its AMPP partner logic 
functions, and any output files from any of the foregoing 
(including device programming or simulation files), and any 
associated documentation or information are expressly subject 
to the terms and conditions of the Altera Program License 
Subscription Agreement, the Altera Quartus Prime License Agreement,
the Altera MegaCore Function License Agreement, or other 
applicable license agreement, including, without limitation, 
that your use is for the sole purpose of programming logic 
devices manufactured by Altera and sold by Altera or its 
authorized distributors.  Please refer to the applicable 
agreement for further details.



+-------------------------------------------------------------------------------+
; Analysis & Synthesis Summary                                                  ;
+---------------------------------+---------------------------------------------+
; Analysis & Synthesis Status     ; Successful - Sat Sep 03 22:05:51 2022       ;
; Quartus Prime Version           ; 16.0.0 Build 211 04/27/2016 SJ Lite Edition ;
; Revision Name                   ; fsm-moore                                   ;
; Top-level Entity Name           ; fsm_moore                                   ;
; Family                          ; Cyclone V                                   ;
; Logic utilization (in ALMs)     ; N/A                                         ;
; Total registers                 ; 37                                          ;
; Total pins                      ; 13                                          ;
; Total virtual pins              ; 0                                           ;
; Total block memory bits         ; 0                                           ;
; Total DSP Blocks                ; 0                                           ;
; Total HSSI RX PCSs              ; 0                                           ;
; Total HSSI PMA RX Deserializers ; 0                                           ;
; Total HSSI TX PCSs              ; 0                                           ;
; Total HSSI PMA TX Serializers   ; 0                                           ;
; Total PLLs                      ; 0                                           ;
; Total DLLs                      ; 0                                           ;
+---------------------------------+---------------------------------------------+


+---------------------------------------------------------------------------------------------------------------------------+
; Analysis & Synthesis Settings                                                                                             ;
+---------------------------------------------------------------------------------+--------------------+--------------------+
; Option                                                                          ; Setting            ; Default Value      ;
+---------------------------------------------------------------------------------+--------------------+--------------------+
; Device                                                                          ; 5CSEMA5F31C6       ;                    ;
; Top-level entity name                                                           ; fsm_moore          ; fsm-moore          ;
; Family name                                                                     ; Cyclone V          ; Cyclone V          ;
; Use smart compilation                                                           ; Off                ; Off                ;
; Enable parallel Assembler and TimeQuest Timing Analyzer during compilation      ; On                 ; On                 ;
; Enable compact report table                                                     ; Off                ; Off                ;
; Restructure Multiplexers                                                        ; Auto               ; Auto               ;
; MLAB Add Timing Constraints For Mixed-Port Feed-Through Mode Setting Don't Care ; Off                ; Off                ;
; Create Debugging Nodes for IP Cores                                             ; Off                ; Off                ;
; Preserve fewer node names                                                       ; On                 ; On                 ;
; Disable OpenCore Plus hardware evaluation                                       ; Off                ; Off                ;
; Verilog Version                                                                 ; Verilog_2001       ; Verilog_2001       ;
; VHDL Version                                                                    ; VHDL_1993          ; VHDL_1993          ;
; State Machine Processing                                                        ; Auto               ; Auto               ;
; Safe State Machine                                                              ; Off                ; Off                ;
; Extract Verilog State Machines                                                  ; On                 ; On                 ;
; Extract VHDL State Machines                                                     ; On                 ; On                 ;
; Ignore Verilog initial constructs                                               ; Off                ; Off                ;
; Iteration limit for constant Verilog loops                                      ; 5000               ; 5000               ;
; Iteration limit for non-constant Verilog loops                                  ; 250                ; 250                ;
; Add Pass-Through Logic to Inferred RAMs                                         ; On                 ; On                 ;
; Infer RAMs from Raw Logic                                                       ; On                 ; On                 ;
; Parallel Synthesis                                                              ; On                 ; On                 ;
; DSP Block Balancing                                                             ; Auto               ; Auto               ;
; NOT Gate Push-Back                                                              ; On                 ; On                 ;
; Power-Up Don't Care                                                             ; On                 ; On                 ;
; Remove Redundant Logic Cells                                                    ; Off                ; Off                ;
; Remove Duplicate Registers                                                      ; On                 ; On                 ;
; Ignore CARRY Buffers                                                            ; Off                ; Off                ;
; Ignore CASCADE Buffers                                                          ; Off                ; Off                ;
; Ignore GLOBAL Buffers                                                           ; Off                ; Off                ;
; Ignore ROW GLOBAL Buffers                                                       ; Off                ; Off                ;
; Ignore LCELL Buffers                                                            ; Off                ; Off                ;
; Ignore SOFT Buffers                                                             ; On                 ; On                 ;
; Limit AHDL Integers to 32 Bits                                                  ; Off                ; Off                ;
; Optimization Technique                                                          ; Balanced           ; Balanced           ;
; Carry Chain Length                                                              ; 70                 ; 70                 ;
; Auto Carry Chains                                                               ; On                 ; On                 ;
; Auto Open-Drain Pins                                                            ; On                 ; On                 ;
; Perform WYSIWYG Primitive Resynthesis                                           ; Off                ; Off                ;
; Auto ROM Replacement                                                            ; On                 ; On                 ;
; Auto RAM Replacement                                                            ; On                 ; On                 ;
; Auto DSP Block Replacement                                                      ; On                 ; On                 ;
; Auto Shift Register Replacement                                                 ; Auto               ; Auto               ;
; Allow Shift Register Merging across Hierarchies                                 ; Auto               ; Auto               ;
; Auto Clock Enable Replacement                                                   ; On                 ; On                 ;
; Strict RAM Replacement                                                          ; Off                ; Off                ;
; Allow Synchronous Control Signals                                               ; On                 ; On                 ;
; Force Use of Synchronous Clear Signals                                          ; Off                ; Off                ;
; Auto Resource Sharing                                                           ; Off                ; Off                ;
; Allow Any RAM Size For Recognition                                              ; Off                ; Off                ;
; Allow Any ROM Size For Recognition                                              ; Off                ; Off                ;
; Allow Any Shift Register Size For Recognition                                   ; Off                ; Off                ;
; Use LogicLock Constraints during Resource Balancing                             ; On                 ; On                 ;
; Ignore translate_off and synthesis_off directives                               ; Off                ; Off                ;
; Timing-Driven Synthesis                                                         ; On                 ; On                 ;
; Report Parameter Settings                                                       ; On                 ; On                 ;
; Report Source Assignments                                                       ; On                 ; On                 ;
; Report Connectivity Checks                                                      ; On                 ; On                 ;
; Ignore Maximum Fan-Out Assignments                                              ; Off                ; Off                ;
; Synchronization Register Chain Length                                           ; 3                  ; 3                  ;
; PowerPlay Power Optimization During Synthesis                                   ; Normal compilation ; Normal compilation ;
; HDL message level                                                               ; Level2             ; Level2             ;
; Suppress Register Optimization Related Messages                                 ; Off                ; Off                ;
; Number of Removed Registers Reported in Synthesis Report                        ; 5000               ; 5000               ;
; Number of Swept Nodes Reported in Synthesis Report                              ; 5000               ; 5000               ;
; Number of Inverted Registers Reported in Synthesis Report                       ; 100                ; 100                ;
; Clock MUX Protection                                                            ; On                 ; On                 ;
; Auto Gated Clock Conversion                                                     ; Off                ; Off                ;
; Block Design Naming                                                             ; Auto               ; Auto               ;
; SDC constraint protection                                                       ; Off                ; Off                ;
; Synthesis Effort                                                                ; Auto               ; Auto               ;
; Shift Register Replacement - Allow Asynchronous Clear Signal                    ; On                 ; On                 ;
; Pre-Mapping Resynthesis Optimization                                            ; Off                ; Off                ;
; Analysis & Synthesis Message Level                                              ; Medium             ; Medium             ;
; Disable Register Merging Across Hierarchies                                     ; Auto               ; Auto               ;
; Resource Aware Inference For Block RAM                                          ; On                 ; On                 ;
; Synthesis Seed                                                                  ; 1                  ; 1                  ;
; Automatic Parallel Synthesis                                                    ; On                 ; On                 ;
; Partial Reconfiguration Bitstream ID                                            ; Off                ; Off                ;
+---------------------------------------------------------------------------------+--------------------+--------------------+


Parallel compilation was disabled, but you have multiple processors available. Enable parallel compilation to reduce compilation time.
+-------------------------------------+
; Parallel Compilation                ;
+----------------------------+--------+
; Processors                 ; Number ;
+----------------------------+--------+
; Number detected on machine ; 8      ;
; Maximum allowed            ; 1      ;
+----------------------------+--------+


+------------------------------------------------------------------------------------------------------------------------------------------------------------+
; Analysis & Synthesis Source Files Read                                                                                                                     ;
+----------------------------------+-----------------+------------------------+--------------------------------------------------------------------+---------+
; File Name with User-Entered Path ; Used in Netlist ; File Type              ; File Name with Absolute Path                                       ; Library ;
+----------------------------------+-----------------+------------------------+--------------------------------------------------------------------+---------+
; verilog_outputs/fsm-moore.v      ; yes             ; User Verilog HDL File  ; C:/altera_lite/16.0/projects/fsm-moore/verilog_outputs/fsm-moore.v ;         ;
+----------------------------------+-----------------+------------------------+--------------------------------------------------------------------+---------+


+-------------------------------------------------------------+
; Analysis & Synthesis Resource Usage Summary                 ;
+---------------------------------------------+---------------+
; Resource                                    ; Usage         ;
+---------------------------------------------+---------------+
; Estimate of Logic utilization (ALMs needed) ; 43            ;
;                                             ;               ;
; Combinational ALUT usage for logic          ; 80            ;
;     -- 7 input functions                    ; 0             ;
;     -- 6 input functions                    ; 6             ;
;     -- 5 input functions                    ; 1             ;
;     -- 4 input functions                    ; 11            ;
;     -- <=3 input functions                  ; 62            ;
;                                             ;               ;
; Dedicated logic registers                   ; 37            ;
;                                             ;               ;
; I/O pins                                    ; 13            ;
;                                             ;               ;
; Total DSP Blocks                            ; 0             ;
;                                             ;               ;
; Maximum fan-out node                        ; rst_btn~input ;
; Maximum fan-out                             ; 55            ;
; Total fan-out                               ; 375           ;
; Average fan-out                             ; 2.62          ;
+---------------------------------------------+---------------+


+-------------------------------------------------------------------------------------------------------------------------------------------------------------------------+
; Analysis & Synthesis Resource Utilization by Entity                                                                                                                     ;
+----------------------------+-------------------+--------------+-------------------+------------+------+--------------+---------------------+-------------+--------------+
; Compilation Hierarchy Node ; LC Combinationals ; LC Registers ; Block Memory Bits ; DSP Blocks ; Pins ; Virtual Pins ; Full Hierarchy Name ; Entity Name ; Library Name ;
+----------------------------+-------------------+--------------+-------------------+------------+------+--------------+---------------------+-------------+--------------+
; |fsm_moore                 ; 80 (80)           ; 37 (37)      ; 0                 ; 0          ; 13   ; 0            ; |fsm_moore          ; fsm_moore   ; work         ;
+----------------------------+-------------------+--------------+-------------------+------------+------+--------------+---------------------+-------------+--------------+
Note: For table entries with two numbers listed, the numbers in parentheses indicate the number of resources of the given type used by the specific entity alone. The numbers listed outside of parentheses indicate the total resources of the given type used by the specific entity and all of its sub-entities in the hierarchy.


Encoding Type:  One-Hot
+-----------------------------------------------------------------------------------+
; State Machine - |fsm_moore|state                                                  ;
+----------------------+------------------+------------------+----------------------+
; Name                 ; state.STATE_IDLE ; state.STATE_DONE ; state.STATE_COUNTING ;
+----------------------+------------------+------------------+----------------------+
; state.STATE_IDLE     ; 0                ; 0                ; 0                    ;
; state.STATE_COUNTING ; 1                ; 0                ; 1                    ;
; state.STATE_DONE     ; 1                ; 1                ; 0                    ;
+----------------------+------------------+------------------+----------------------+


+------------------------------------------------------+
; General Register Statistics                          ;
+----------------------------------------------+-------+
; Statistic                                    ; Value ;
+----------------------------------------------+-------+
; Total registers                              ; 37    ;
; Number of registers using Synchronous Clear  ; 24    ;
; Number of registers using Synchronous Load   ; 0     ;
; Number of registers using Asynchronous Clear ; 36    ;
; Number of registers using Asynchronous Load  ; 0     ;
; Number of registers using Clock Enable       ; 0     ;
; Number of registers using Preset             ; 0     ;
+----------------------------------------------+-------+


+-----------------------------------------------------+
; Post-Synthesis Netlist Statistics for Top Partition ;
+-----------------------+-----------------------------+
; Type                  ; Count                       ;
+-----------------------+-----------------------------+
; arriav_ff             ; 37                          ;
;     CLR               ; 12                          ;
;     CLR SCLR          ; 24                          ;
;     plain             ; 1                           ;
; arriav_lcell_comb     ; 80                          ;
;     arith             ; 33                          ;
;         1 data inputs ; 33                          ;
;     normal            ; 47                          ;
;         2 data inputs ; 18                          ;
;         3 data inputs ; 11                          ;
;         4 data inputs ; 11                          ;
;         5 data inputs ; 1                           ;
;         6 data inputs ; 6                           ;
; boundary_port         ; 13                          ;
;                       ;                             ;
; Max LUT depth         ; 3.80                        ;
; Average LUT depth     ; 2.52                        ;
+-----------------------+-----------------------------+


+-------------------------------+
; Elapsed Time Per Partition    ;
+----------------+--------------+
; Partition Name ; Elapsed Time ;
+----------------+--------------+
; Top            ; 00:00:00     ;
+----------------+--------------+


+-------------------------------+
; Analysis & Synthesis Messages ;
+-------------------------------+
Info: *******************************************************************
Info: Running Quartus Prime Analysis & Synthesis
    Info: Version 16.0.0 Build 211 04/27/2016 SJ Lite Edition
    Info: Processing started: Sat Sep 03 22:05:37 2022
Info: Command: quartus_map --read_settings_files=on --write_settings_files=off fsm-moore -c fsm-moore
Warning (20028): Parallel compilation is not licensed and has been disabled
Info (12021): Found 1 design units, including 1 entities, in source file verilog_outputs/fsm-moore.v
    Info (12023): Found entity 1: fsm_moore File: C:/altera_lite/16.0/projects/fsm-moore/verilog_outputs/fsm-moore.v Line: 2
Info (12127): Elaborating entity "fsm_moore" for the top level hierarchy
Warning (10230): Verilog HDL assignment warning at fsm-moore.v(46): truncated value with size 32 to match size of target (24) File: C:/altera_lite/16.0/projects/fsm-moore/verilog_outputs/fsm-moore.v Line: 46
Warning (10230): Verilog HDL assignment warning at fsm-moore.v(87): truncated value with size 32 to match size of target (9) File: C:/altera_lite/16.0/projects/fsm-moore/verilog_outputs/fsm-moore.v Line: 87
Warning (10230): Verilog HDL assignment warning at fsm-moore.v(90): truncated value with size 32 to match size of target (9) File: C:/altera_lite/16.0/projects/fsm-moore/verilog_outputs/fsm-moore.v Line: 90
Warning (13004): Presettable and clearable registers converted to equivalent circuits with latches. Registers power-up to an undefined state, and DEVCLRn places the registers in an undefined state.
    Warning (13310): Register "led[0]~reg0" is converted into an equivalent circuit using register "led[0]~reg0_emulated" and latch "led[0]~1" File: C:/altera_lite/16.0/projects/fsm-moore/verilog_outputs/fsm-moore.v Line: 89
    Warning (13310): Register "led[1]~reg0" is converted into an equivalent circuit using register "led[1]~reg0_emulated" and latch "led[1]~5" File: C:/altera_lite/16.0/projects/fsm-moore/verilog_outputs/fsm-moore.v Line: 89
    Warning (13310): Register "led[2]~reg0" is converted into an equivalent circuit using register "led[2]~reg0_emulated" and latch "led[2]~9" File: C:/altera_lite/16.0/projects/fsm-moore/verilog_outputs/fsm-moore.v Line: 89
    Warning (13310): Register "led[3]~reg0" is converted into an equivalent circuit using register "led[3]~reg0_emulated" and latch "led[3]~13" File: C:/altera_lite/16.0/projects/fsm-moore/verilog_outputs/fsm-moore.v Line: 89
    Warning (13310): Register "led[4]~reg0" is converted into an equivalent circuit using register "led[4]~reg0_emulated" and latch "led[4]~17" File: C:/altera_lite/16.0/projects/fsm-moore/verilog_outputs/fsm-moore.v Line: 89
    Warning (13310): Register "led[5]~reg0" is converted into an equivalent circuit using register "led[5]~reg0_emulated" and latch "led[5]~21" File: C:/altera_lite/16.0/projects/fsm-moore/verilog_outputs/fsm-moore.v Line: 89
    Warning (13310): Register "led[6]~reg0" is converted into an equivalent circuit using register "led[6]~reg0_emulated" and latch "led[6]~25" File: C:/altera_lite/16.0/projects/fsm-moore/verilog_outputs/fsm-moore.v Line: 89
    Warning (13310): Register "led[7]~reg0" is converted into an equivalent circuit using register "led[7]~reg0_emulated" and latch "led[7]~29" File: C:/altera_lite/16.0/projects/fsm-moore/verilog_outputs/fsm-moore.v Line: 89
    Warning (13310): Register "led[8]~reg0" is converted into an equivalent circuit using register "led[8]~reg0_emulated" and latch "led[8]~33" File: C:/altera_lite/16.0/projects/fsm-moore/verilog_outputs/fsm-moore.v Line: 89
Info (286030): Timing-Driven Synthesis is running
Info (16010): Generating hard_block partition "hard_block:auto_generated_inst"
    Info (16011): Adding 0 node(s), including 0 DDIO, 0 PLL, 0 transceiver and 0 LCELL
Info (21057): Implemented 93 device resources after synthesis - the final resource count might be different
    Info (21058): Implemented 3 input pins
    Info (21059): Implemented 10 output pins
    Info (21061): Implemented 80 logic cells
Info: Quartus Prime Analysis & Synthesis was successful. 0 errors, 14 warnings
    Info: Peak virtual memory: 5015 megabytes
    Info: Processing ended: Sat Sep 03 22:05:51 2022
    Info: Elapsed time: 00:00:14
    Info: Total CPU time (on all processors): 00:00:36


