Flow report for Seven_Segment_Display_Driver
Tue Sep 13 13:58:31 2022
Quartus Prime Version 16.0.0 Build 211 04/27/2016 SJ Lite Edition


---------------------
; Table of Contents ;
---------------------
  1. Legal Notice
  2. Flow Summary
  3. Flow Settings
  4. Flow Non-Default Global Settings
  5. Flow Elapsed Time
  6. Flow OS Summary
  7. Flow Log
  8. Flow Messages
  9. Flow Suppressed Messages



----------------
; Legal Notice ;
----------------
Copyright (C) 1991-2016 Altera Corporation. All rights reserved.
Your use of Altera Corporation's design tools, logic functions 
and other software and tools, and its AMPP partner logic 
functions, and any output files from any of the foregoing 
(including device programming or simulation files), and any 
associated documentation or information are expressly subject 
to the terms and conditions of the Altera Program License 
Subscription Agreement, the Altera Quartus Prime License Agreement,
the Altera MegaCore Function License Agreement, or other 
applicable license agreement, including, without limitation, 
that your use is for the sole purpose of programming logic 
devices manufactured by Altera and sold by Altera or its 
authorized distributors.  Please refer to the applicable 
agreement for further details.



+-------------------------------------------------------------------------------+
; Flow Summary                                                                  ;
+---------------------------------+---------------------------------------------+
; Flow Status                     ; Successful - Tue Sep 13 13:58:23 2022       ;
; Quartus Prime Version           ; 16.0.0 Build 211 04/27/2016 SJ Lite Edition ;
; Revision Name                   ; Seven_Segment_Display_Driver                ;
; Top-level Entity Name           ; seven_segment_display_driver                ;
; Family                          ; Cyclone V                                   ;
; Device                          ; 5CSEMA5F31C6                                ;
; Timing Models                   ; Final                                       ;
; Logic utilization (in ALMs)     ; 20 / 32,070 ( < 1 % )                       ;
; Total registers                 ; 15                                          ;
; Total pins                      ; 23 / 457 ( 5 % )                            ;
; Total virtual pins              ; 0                                           ;
; Total block memory bits         ; 0 / 4,065,280 ( 0 % )                       ;
; Total DSP Blocks                ; 0 / 87 ( 0 % )                              ;
; Total HSSI RX PCSs              ; 0                                           ;
; Total HSSI PMA RX Deserializers ; 0                                           ;
; Total HSSI TX PCSs              ; 0                                           ;
; Total HSSI PMA TX Serializers   ; 0                                           ;
; Total PLLs                      ; 0 / 6 ( 0 % )                               ;
; Total DLLs                      ; 0 / 4 ( 0 % )                               ;
+---------------------------------+---------------------------------------------+


+--------------------------------------------------+
; Flow Settings                                    ;
+-------------------+------------------------------+
; Option            ; Setting                      ;
+-------------------+------------------------------+
; Start date & time ; 09/13/2022 13:57:09          ;
; Main task         ; Compilation                  ;
; Revision Name     ; Seven_Segment_Display_Driver ;
+-------------------+------------------------------+


+-----------------------------------------------------------------------------------------------------------------------------------------+
; Flow Non-Default Global Settings                                                                                                        ;
+-------------------------------------+---------------------------------------+---------------+------------------------------+------------+
; Assignment Name                     ; Value                                 ; Default Value ; Entity Name                  ; Section Id ;
+-------------------------------------+---------------------------------------+---------------+------------------------------+------------+
; COMPILER_SIGNATURE_ID               ; 220964531224362.166309182919680       ; --            ; --                           ; --         ;
; MAX_CORE_JUNCTION_TEMP              ; 85                                    ; --            ; --                           ; --         ;
; MIN_CORE_JUNCTION_TEMP              ; 0                                     ; --            ; --                           ; --         ;
; OUTPUT_IO_TIMING_FAR_END_VMEAS      ; Half Signal Swing                     ; --            ; --                           ; --         ;
; OUTPUT_IO_TIMING_FAR_END_VMEAS      ; Half Signal Swing                     ; --            ; --                           ; --         ;
; OUTPUT_IO_TIMING_NEAR_END_VMEAS     ; Half Vccio                            ; --            ; --                           ; --         ;
; OUTPUT_IO_TIMING_NEAR_END_VMEAS     ; Half Vccio                            ; --            ; --                           ; --         ;
; PARTITION_COLOR                     ; 16764057                              ; --            ; seven_segment_display_driver ; Top        ;
; PARTITION_FITTER_PRESERVATION_LEVEL ; PLACEMENT_AND_ROUTING                 ; --            ; seven_segment_display_driver ; Top        ;
; PARTITION_NETLIST_TYPE              ; SOURCE                                ; --            ; seven_segment_display_driver ; Top        ;
; POWER_BOARD_THERMAL_MODEL           ; None (CONSERVATIVE)                   ; --            ; --                           ; --         ;
; POWER_PRESET_COOLING_SOLUTION       ; 23 MM HEAT SINK WITH 200 LFPM AIRFLOW ; --            ; --                           ; --         ;
; PROJECT_OUTPUT_DIRECTORY            ; output_files                          ; --            ; --                           ; --         ;
+-------------------------------------+---------------------------------------+---------------+------------------------------+------------+


+-------------------------------------------------------------------------------------------------------------------------------+
; Flow Elapsed Time                                                                                                             ;
+---------------------------+--------------+-------------------------+---------------------+------------------------------------+
; Module Name               ; Elapsed Time ; Average Processors Used ; Peak Virtual Memory ; Total CPU Time (on all processors) ;
+---------------------------+--------------+-------------------------+---------------------+------------------------------------+
; Analysis & Synthesis      ; 00:00:14     ; 1.0                     ; 4999 MB             ; 00:00:33                           ;
; Fitter                    ; 00:00:47     ; 1.0                     ; 6249 MB             ; 00:00:55                           ;
; Assembler                 ; 00:00:10     ; 1.0                     ; 5024 MB             ; 00:00:10                           ;
; TimeQuest Timing Analyzer ; 00:00:07     ; 1.0                     ; 5289 MB             ; 00:00:06                           ;
; Total                     ; 00:01:18     ; --                      ; --                  ; 00:01:44                           ;
+---------------------------+--------------+-------------------------+---------------------+------------------------------------+


+-------------------------------------------------------------------------------------------+
; Flow OS Summary                                                                           ;
+---------------------------+---------------------+-----------+------------+----------------+
; Module Name               ; Machine Hostname    ; OS Name   ; OS Version ; Processor type ;
+---------------------------+---------------------+-----------+------------+----------------+
; Analysis & Synthesis      ; Matteos-Dell-Laptop ; Windows 8 ; 6.2        ; x86_64         ;
; Fitter                    ; Matteos-Dell-Laptop ; Windows 8 ; 6.2        ; x86_64         ;
; Assembler                 ; Matteos-Dell-Laptop ; Windows 8 ; 6.2        ; x86_64         ;
; TimeQuest Timing Analyzer ; Matteos-Dell-Laptop ; Windows 8 ; 6.2        ; x86_64         ;
+---------------------------+---------------------+-----------+------------+----------------+


------------
; Flow Log ;
------------
quartus_map --read_settings_files=on --write_settings_files=off RNG -c Seven_Segment_Display_Driver
quartus_fit --read_settings_files=off --write_settings_files=off RNG -c Seven_Segment_Display_Driver
quartus_asm --read_settings_files=off --write_settings_files=off RNG -c Seven_Segment_Display_Driver
quartus_sta RNG -c Seven_Segment_Display_Driver



