Analysis & Synthesis report for uart_v1
Tue Nov 29 00:50:10 2022
Quartus Prime Version 16.0.0 Build 211 04/27/2016 SJ Lite Edition


---------------------
; Table of Contents ;
---------------------
  1. Legal Notice
  2. Analysis & Synthesis Summary
  3. Analysis & Synthesis Settings
  4. Parallel Compilation
  5. Analysis & Synthesis Source Files Read
  6. Analysis & Synthesis Resource Usage Summary
  7. Analysis & Synthesis Resource Utilization by Entity
  8. State Machine - |DE1_SOC_golden_top|uart_rx:UART_RX_INST|r_SM_Main
  9. Registers Removed During Synthesis
 10. Removed Registers Triggering Further Register Optimizations
 11. General Register Statistics
 12. Multiplexer Restructuring Statistics (Restructuring Performed)
 13. Parameter Settings for User Entity Instance: Top-level Entity: |DE1_SOC_golden_top
 14. Parameter Settings for User Entity Instance: uart_rx:UART_RX_INST
 15. Port Connectivity Checks: "uart_rx:UART_RX_INST"
 16. Post-Synthesis Netlist Statistics for Top Partition
 17. Elapsed Time Per Partition
 18. Analysis & Synthesis Messages



----------------
; Legal Notice ;
----------------
Copyright (C) 1991-2016 Altera Corporation. All rights reserved.
Your use of Altera Corporation's design tools, logic functions 
and other software and tools, and its AMPP partner logic 
functions, and any output files from any of the foregoing 
(including device programming or simulation files), and any 
associated documentation or information are expressly subject 
to the terms and conditions of the Altera Program License 
Subscription Agreement, the Altera Quartus Prime License Agreement,
the Altera MegaCore Function License Agreement, or other 
applicable license agreement, including, without limitation, 
that your use is for the sole purpose of programming logic 
devices manufactured by Altera and sold by Altera or its 
authorized distributors.  Please refer to the applicable 
agreement for further details.



+-------------------------------------------------------------------------------+
; Analysis & Synthesis Summary                                                  ;
+---------------------------------+---------------------------------------------+
; Analysis & Synthesis Status     ; Successful - Tue Nov 29 00:50:10 2022       ;
; Quartus Prime Version           ; 16.0.0 Build 211 04/27/2016 SJ Lite Edition ;
; Revision Name                   ; uart_v1                                     ;
; Top-level Entity Name           ; DE1_SOC_golden_top                          ;
; Family                          ; Cyclone V                                   ;
; Logic utilization (in ALMs)     ; N/A                                         ;
; Total registers                 ; 29                                          ;
; Total pins                      ; 242                                         ;
; Total virtual pins              ; 0                                           ;
; Total block memory bits         ; 0                                           ;
; Total DSP Blocks                ; 0                                           ;
; Total HSSI RX PCSs              ; 0                                           ;
; Total HSSI PMA RX Deserializers ; 0                                           ;
; Total HSSI TX PCSs              ; 0                                           ;
; Total HSSI PMA TX Serializers   ; 0                                           ;
; Total PLLs                      ; 0                                           ;
; Total DLLs                      ; 0                                           ;
+---------------------------------+---------------------------------------------+


+---------------------------------------------------------------------------------------------------------------------------+
; Analysis & Synthesis Settings                                                                                             ;
+---------------------------------------------------------------------------------+--------------------+--------------------+
; Option                                                                          ; Setting            ; Default Value      ;
+---------------------------------------------------------------------------------+--------------------+--------------------+
; Device                                                                          ; 5CSEMA5F31C6       ;                    ;
; Top-level entity name                                                           ; DE1_SOC_golden_top ; uart_v1            ;
; Family name                                                                     ; Cyclone V          ; Cyclone V          ;
; Use smart compilation                                                           ; Off                ; Off                ;
; Enable parallel Assembler and TimeQuest Timing Analyzer during compilation      ; On                 ; On                 ;
; Enable compact report table                                                     ; Off                ; Off                ;
; Restructure Multiplexers                                                        ; Auto               ; Auto               ;
; MLAB Add Timing Constraints For Mixed-Port Feed-Through Mode Setting Don't Care ; Off                ; Off                ;
; Create Debugging Nodes for IP Cores                                             ; Off                ; Off                ;
; Preserve fewer node names                                                       ; On                 ; On                 ;
; Disable OpenCore Plus hardware evaluation                                       ; Off                ; Off                ;
; Verilog Version                                                                 ; Verilog_2001       ; Verilog_2001       ;
; VHDL Version                                                                    ; VHDL_1993          ; VHDL_1993          ;
; State Machine Processing                                                        ; Auto               ; Auto               ;
; Safe State Machine                                                              ; Off                ; Off                ;
; Extract Verilog State Machines                                                  ; On                 ; On                 ;
; Extract VHDL State Machines                                                     ; On                 ; On                 ;
; Ignore Verilog initial constructs                                               ; Off                ; Off                ;
; Iteration limit for constant Verilog loops                                      ; 5000               ; 5000               ;
; Iteration limit for non-constant Verilog loops                                  ; 250                ; 250                ;
; Add Pass-Through Logic to Inferred RAMs                                         ; On                 ; On                 ;
; Infer RAMs from Raw Logic                                                       ; On                 ; On                 ;
; Parallel Synthesis                                                              ; On                 ; On                 ;
; DSP Block Balancing                                                             ; Auto               ; Auto               ;
; NOT Gate Push-Back                                                              ; On                 ; On                 ;
; Power-Up Don't Care                                                             ; On                 ; On                 ;
; Remove Redundant Logic Cells                                                    ; Off                ; Off                ;
; Remove Duplicate Registers                                                      ; On                 ; On                 ;
; Ignore CARRY Buffers                                                            ; Off                ; Off                ;
; Ignore CASCADE Buffers                                                          ; Off                ; Off                ;
; Ignore GLOBAL Buffers                                                           ; Off                ; Off                ;
; Ignore ROW GLOBAL Buffers                                                       ; Off                ; Off                ;
; Ignore LCELL Buffers                                                            ; Off                ; Off                ;
; Ignore SOFT Buffers                                                             ; On                 ; On                 ;
; Limit AHDL Integers to 32 Bits                                                  ; Off                ; Off                ;
; Optimization Technique                                                          ; Balanced           ; Balanced           ;
; Carry Chain Length                                                              ; 70                 ; 70                 ;
; Auto Carry Chains                                                               ; On                 ; On                 ;
; Auto Open-Drain Pins                                                            ; On                 ; On                 ;
; Perform WYSIWYG Primitive Resynthesis                                           ; Off                ; Off                ;
; Auto ROM Replacement                                                            ; On                 ; On                 ;
; Auto RAM Replacement                                                            ; On                 ; On                 ;
; Auto DSP Block Replacement                                                      ; On                 ; On                 ;
; Auto Shift Register Replacement                                                 ; Auto               ; Auto               ;
; Allow Shift Register Merging across Hierarchies                                 ; Auto               ; Auto               ;
; Auto Clock Enable Replacement                                                   ; On                 ; On                 ;
; Strict RAM Replacement                                                          ; Off                ; Off                ;
; Allow Synchronous Control Signals                                               ; On                 ; On                 ;
; Force Use of Synchronous Clear Signals                                          ; Off                ; Off                ;
; Auto Resource Sharing                                                           ; Off                ; Off                ;
; Allow Any RAM Size For Recognition                                              ; Off                ; Off                ;
; Allow Any ROM Size For Recognition                                              ; Off                ; Off                ;
; Allow Any Shift Register Size For Recognition                                   ; Off                ; Off                ;
; Use LogicLock Constraints during Resource Balancing                             ; On                 ; On                 ;
; Ignore translate_off and synthesis_off directives                               ; Off                ; Off                ;
; Timing-Driven Synthesis                                                         ; On                 ; On                 ;
; Report Parameter Settings                                                       ; On                 ; On                 ;
; Report Source Assignments                                                       ; On                 ; On                 ;
; Report Connectivity Checks                                                      ; On                 ; On                 ;
; Ignore Maximum Fan-Out Assignments                                              ; Off                ; Off                ;
; Synchronization Register Chain Length                                           ; 3                  ; 3                  ;
; PowerPlay Power Optimization During Synthesis                                   ; Normal compilation ; Normal compilation ;
; HDL message level                                                               ; Level2             ; Level2             ;
; Suppress Register Optimization Related Messages                                 ; Off                ; Off                ;
; Number of Removed Registers Reported in Synthesis Report                        ; 5000               ; 5000               ;
; Number of Swept Nodes Reported in Synthesis Report                              ; 5000               ; 5000               ;
; Number of Inverted Registers Reported in Synthesis Report                       ; 100                ; 100                ;
; Clock MUX Protection                                                            ; On                 ; On                 ;
; Auto Gated Clock Conversion                                                     ; Off                ; Off                ;
; Block Design Naming                                                             ; Auto               ; Auto               ;
; SDC constraint protection                                                       ; Off                ; Off                ;
; Synthesis Effort                                                                ; Auto               ; Auto               ;
; Shift Register Replacement - Allow Asynchronous Clear Signal                    ; On                 ; On                 ;
; Pre-Mapping Resynthesis Optimization                                            ; Off                ; Off                ;
; Analysis & Synthesis Message Level                                              ; Medium             ; Medium             ;
; Disable Register Merging Across Hierarchies                                     ; Auto               ; Auto               ;
; Resource Aware Inference For Block RAM                                          ; On                 ; On                 ;
; Synthesis Seed                                                                  ; 1                  ; 1                  ;
; Automatic Parallel Synthesis                                                    ; On                 ; On                 ;
; Partial Reconfiguration Bitstream ID                                            ; Off                ; Off                ;
+---------------------------------------------------------------------------------+--------------------+--------------------+


Parallel compilation was disabled, but you have multiple processors available. Enable parallel compilation to reduce compilation time.
+-------------------------------------+
; Parallel Compilation                ;
+----------------------------+--------+
; Processors                 ; Number ;
+----------------------------+--------+
; Number detected on machine ; 8      ;
; Maximum allowed            ; 1      ;
+----------------------------+--------+


+---------------------------------------------------------------------------------------------------------------------------------------------------+
; Analysis & Synthesis Source Files Read                                                                                                            ;
+----------------------------------+-----------------+------------------------+-----------------------------------------------------------+---------+
; File Name with User-Entered Path ; Used in Netlist ; File Type              ; File Name with Absolute Path                              ; Library ;
+----------------------------------+-----------------+------------------------+-----------------------------------------------------------+---------+
; DE1_SOC_golden_top.v             ; yes             ; User Verilog HDL File  ; C:/altera_lite/16.0/projects/uart_v1/DE1_SOC_golden_top.v ;         ;
; uart_rx.v                        ; yes             ; User Verilog HDL File  ; C:/altera_lite/16.0/projects/uart_v1/uart_rx.v            ;         ;
+----------------------------------+-----------------+------------------------+-----------------------------------------------------------+---------+


+---------------------------------------------------------------+
; Analysis & Synthesis Resource Usage Summary                   ;
+---------------------------------------------+-----------------+
; Resource                                    ; Usage           ;
+---------------------------------------------+-----------------+
; Estimate of Logic utilization (ALMs needed) ; 22              ;
;                                             ;                 ;
; Combinational ALUT usage for logic          ; 41              ;
;     -- 7 input functions                    ; 0               ;
;     -- 6 input functions                    ; 3               ;
;     -- 5 input functions                    ; 3               ;
;     -- 4 input functions                    ; 5               ;
;     -- <=3 input functions                  ; 30              ;
;                                             ;                 ;
; Dedicated logic registers                   ; 29              ;
;                                             ;                 ;
; I/O pins                                    ; 242             ;
;                                             ;                 ;
; Total DSP Blocks                            ; 0               ;
;                                             ;                 ;
; Maximum fan-out node                        ; CLOCK2_50~input ;
; Maximum fan-out                             ; 29              ;
; Total fan-out                               ; 538             ;
; Average fan-out                             ; 0.83            ;
+---------------------------------------------+-----------------+


+--------------------------------------------------------------------------------------------------------------------------------------------------------------------------------+
; Analysis & Synthesis Resource Utilization by Entity                                                                                                                            ;
+----------------------------+-------------------+--------------+-------------------+------------+------+--------------+---------------------+--------------------+--------------+
; Compilation Hierarchy Node ; LC Combinationals ; LC Registers ; Block Memory Bits ; DSP Blocks ; Pins ; Virtual Pins ; Full Hierarchy Name ; Entity Name        ; Library Name ;
+----------------------------+-------------------+--------------+-------------------+------------+------+--------------+---------------------+--------------------+--------------+
; |DE1_SOC_golden_top        ; 41 (41)           ; 29 (29)      ; 0                 ; 0          ; 242  ; 0            ; |DE1_SOC_golden_top ; DE1_SOC_golden_top ; work         ;
+----------------------------+-------------------+--------------+-------------------+------------+------+--------------+---------------------+--------------------+--------------+
Note: For table entries with two numbers listed, the numbers in parentheses indicate the number of resources of the given type used by the specific entity alone. The numbers listed outside of parentheses indicate the total resources of the given type used by the specific entity and all of its sub-entities in the hierarchy.


Encoding Type:  One-Hot
+------------------------------------------------------------------------------------------------------------------------------------------------+
; State Machine - |DE1_SOC_golden_top|uart_rx:UART_RX_INST|r_SM_Main                                                                             ;
+--------------------------+-------------------------+--------------------------+--------------------------+---------------+---------------------+
; Name                     ; r_SM_Main.s_RX_STOP_BIT ; r_SM_Main.s_RX_DATA_BITS ; r_SM_Main.s_RX_START_BIT ; r_SM_Main.000 ; r_SM_Main.s_CLEANUP ;
+--------------------------+-------------------------+--------------------------+--------------------------+---------------+---------------------+
; r_SM_Main.000            ; 0                       ; 0                        ; 0                        ; 0             ; 0                   ;
; r_SM_Main.s_RX_START_BIT ; 0                       ; 0                        ; 1                        ; 1             ; 0                   ;
; r_SM_Main.s_RX_DATA_BITS ; 0                       ; 1                        ; 0                        ; 1             ; 0                   ;
; r_SM_Main.s_RX_STOP_BIT  ; 1                       ; 0                        ; 0                        ; 1             ; 0                   ;
; r_SM_Main.s_CLEANUP      ; 0                       ; 0                        ; 0                        ; 1             ; 1                   ;
+--------------------------+-------------------------+--------------------------+--------------------------+---------------+---------------------+


+----------------------------------------------------------------------------------------+
; Registers Removed During Synthesis                                                     ;
+-----------------------------------------------+----------------------------------------+
; Register name                                 ; Reason for Removal                     ;
+-----------------------------------------------+----------------------------------------+
; uart_rx:UART_RX_INST|r_Rx_Data_R              ; Stuck at VCC due to stuck port data_in ;
; uart_rx:UART_RX_INST|r_Rx_Data                ; Stuck at VCC due to stuck port data_in ;
; uart_rx:UART_RX_INST|r_SM_Main~2              ; Lost fanout                            ;
; uart_rx:UART_RX_INST|r_SM_Main~3              ; Lost fanout                            ;
; uart_rx:UART_RX_INST|r_Clock_Count[0..7]      ; Lost fanout                            ;
; uart_rx:UART_RX_INST|r_Bit_Index[0..2]        ; Lost fanout                            ;
; uart_rx:UART_RX_INST|r_SM_Main.s_CLEANUP      ; Lost fanout                            ;
; uart_rx:UART_RX_INST|r_SM_Main.000            ; Lost fanout                            ;
; uart_rx:UART_RX_INST|r_SM_Main.s_RX_START_BIT ; Lost fanout                            ;
; uart_rx:UART_RX_INST|r_SM_Main.s_RX_DATA_BITS ; Lost fanout                            ;
; uart_rx:UART_RX_INST|r_SM_Main.s_RX_STOP_BIT  ; Lost fanout                            ;
; Total Number of Removed Registers = 20        ;                                        ;
+-----------------------------------------------+----------------------------------------+


+---------------------------------------------------------------------------------------------------------------------------------------------------+
; Removed Registers Triggering Further Register Optimizations                                                                                       ;
+----------------------------------+---------------------------+------------------------------------------------------------------------------------+
; Register name                    ; Reason for Removal        ; Registers Removed due to This Register                                             ;
+----------------------------------+---------------------------+------------------------------------------------------------------------------------+
; uart_rx:UART_RX_INST|r_SM_Main~2 ; Lost Fanouts              ; uart_rx:UART_RX_INST|r_Clock_Count[2], uart_rx:UART_RX_INST|r_Clock_Count[0],      ;
;                                  ;                           ; uart_rx:UART_RX_INST|r_Clock_Count[1], uart_rx:UART_RX_INST|r_Clock_Count[3],      ;
;                                  ;                           ; uart_rx:UART_RX_INST|r_Clock_Count[4], uart_rx:UART_RX_INST|r_Clock_Count[5],      ;
;                                  ;                           ; uart_rx:UART_RX_INST|r_Clock_Count[6], uart_rx:UART_RX_INST|r_Clock_Count[7],      ;
;                                  ;                           ; uart_rx:UART_RX_INST|r_Bit_Index[2], uart_rx:UART_RX_INST|r_Bit_Index[0],          ;
;                                  ;                           ; uart_rx:UART_RX_INST|r_Bit_Index[1], uart_rx:UART_RX_INST|r_SM_Main.s_CLEANUP,     ;
;                                  ;                           ; uart_rx:UART_RX_INST|r_SM_Main.000, uart_rx:UART_RX_INST|r_SM_Main.s_RX_START_BIT, ;
;                                  ;                           ; uart_rx:UART_RX_INST|r_SM_Main.s_RX_DATA_BITS,                                     ;
;                                  ;                           ; uart_rx:UART_RX_INST|r_SM_Main.s_RX_STOP_BIT                                       ;
; uart_rx:UART_RX_INST|r_Rx_Data_R ; Stuck at VCC              ; uart_rx:UART_RX_INST|r_Rx_Data                                                     ;
;                                  ; due to stuck port data_in ;                                                                                    ;
+----------------------------------+---------------------------+------------------------------------------------------------------------------------+


+------------------------------------------------------+
; General Register Statistics                          ;
+----------------------------------------------+-------+
; Statistic                                    ; Value ;
+----------------------------------------------+-------+
; Total registers                              ; 29    ;
; Number of registers using Synchronous Clear  ; 28    ;
; Number of registers using Synchronous Load   ; 0     ;
; Number of registers using Asynchronous Clear ; 0     ;
; Number of registers using Asynchronous Load  ; 0     ;
; Number of registers using Clock Enable       ; 0     ;
; Number of registers using Preset             ; 0     ;
+----------------------------------------------+-------+


+-------------------------------------------------------------------------------------------------------------------------------------------------------------------------+
; Multiplexer Restructuring Statistics (Restructuring Performed)                                                                                                          ;
+--------------------+-----------+---------------+----------------------+------------------------+------------+-----------------------------------------------------------+
; Multiplexer Inputs ; Bus Width ; Baseline Area ; Area if Restructured ; Saving if Restructured ; Registered ; Example Multiplexer Output                                ;
+--------------------+-----------+---------------+----------------------+------------------------+------------+-----------------------------------------------------------+
; 6:1                ; 8 bits    ; 32 LEs        ; 0 LEs                ; 32 LEs                 ; Yes        ; |DE1_SOC_golden_top|uart_rx:UART_RX_INST|r_Clock_Count[2] ;
; 3:1                ; 3 bits    ; 6 LEs         ; 6 LEs                ; 0 LEs                  ; No         ; |DE1_SOC_golden_top|uart_rx:UART_RX_INST|r_Bit_Index      ;
+--------------------+-----------+---------------+----------------------+------------------------+------------+-----------------------------------------------------------+


+------------------------------------------------------------------------------------+
; Parameter Settings for User Entity Instance: Top-level Entity: |DE1_SOC_golden_top ;
+----------------+------------------------------+------------------------------------+
; Parameter Name ; Value                        ; Type                               ;
+----------------+------------------------------+------------------------------------+
; c_CLKS_PER_BIT ; 87                           ; Signed Integer                     ;
; DIVISOR        ; 0010111110101111000010000000 ; Unsigned Binary                    ;
+----------------+------------------------------+------------------------------------+
Note: In order to hide this table in the UI and the text report file, please set the "Show Parameter Settings in Synthesis Report" option in "Analysis and Synthesis Settings -> More Settings" to "Off".


+-------------------------------------------------------------------+
; Parameter Settings for User Entity Instance: uart_rx:UART_RX_INST ;
+----------------+-------+------------------------------------------+
; Parameter Name ; Value ; Type                                     ;
+----------------+-------+------------------------------------------+
; CLKS_PER_BIT   ; 87    ; Signed Integer                           ;
+----------------+-------+------------------------------------------+
Note: In order to hide this table in the UI and the text report file, please set the "Show Parameter Settings in Synthesis Report" option in "Analysis and Synthesis Settings -> More Settings" to "Off".


+-----------------------------------------------------------------------------------------------------------------------+
; Port Connectivity Checks: "uart_rx:UART_RX_INST"                                                                      ;
+-------------+--------+----------+-------------------------------------------------------------------------------------+
; Port        ; Type   ; Severity ; Details                                                                             ;
+-------------+--------+----------+-------------------------------------------------------------------------------------+
; i_Rx_Serial ; Input  ; Info     ; Stuck at VCC                                                                        ;
; o_Rx_DV     ; Output ; Info     ; Explicitly unconnected                                                              ;
; o_Rx_Byte   ; Output ; Info     ; Connected to dangling logic. Logic that only feeds a dangling port will be removed. ;
+-------------+--------+----------+-------------------------------------------------------------------------------------+


+-----------------------------------------------------+
; Post-Synthesis Netlist Statistics for Top Partition ;
+-----------------------+-----------------------------+
; Type                  ; Count                       ;
+-----------------------+-----------------------------+
; arriav_ff             ; 29                          ;
;     SCLR              ; 28                          ;
;     plain             ; 1                           ;
; arriav_io_obuf        ; 96                          ;
; arriav_lcell_comb     ; 42                          ;
;     arith             ; 28                          ;
;         1 data inputs ; 28                          ;
;     normal            ; 14                          ;
;         0 data inputs ; 1                           ;
;         2 data inputs ; 1                           ;
;         3 data inputs ; 1                           ;
;         4 data inputs ; 5                           ;
;         5 data inputs ; 3                           ;
;         6 data inputs ; 3                           ;
; boundary_port         ; 242                         ;
;                       ;                             ;
; Max LUT depth         ; 3.70                        ;
; Average LUT depth     ; 1.46                        ;
+-----------------------+-----------------------------+


+-------------------------------+
; Elapsed Time Per Partition    ;
+----------------+--------------+
; Partition Name ; Elapsed Time ;
+----------------+--------------+
; Top            ; 00:00:00     ;
+----------------+--------------+


+-------------------------------+
; Analysis & Synthesis Messages ;
+-------------------------------+
Info: *******************************************************************
Info: Running Quartus Prime Analysis & Synthesis
    Info: Version 16.0.0 Build 211 04/27/2016 SJ Lite Edition
    Info: Processing started: Tue Nov 29 00:49:57 2022
Info: Command: quartus_map --read_settings_files=on --write_settings_files=off uart_v1 -c uart_v1
Warning (20028): Parallel compilation is not licensed and has been disabled
Info (12021): Found 1 design units, including 1 entities, in source file uart_tx.v
    Info (12023): Found entity 1: uart_tx File: C:/altera_lite/16.0/projects/uart_v1/uart_tx.v Line: 14
Info (12021): Found 1 design units, including 1 entities, in source file de1_soc_golden_top.v
    Info (12023): Found entity 1: DE1_SOC_golden_top File: C:/altera_lite/16.0/projects/uart_v1/DE1_SOC_golden_top.v Line: 54
Info (12021): Found 1 design units, including 1 entities, in source file uart_rx.v
    Info (12023): Found entity 1: uart_rx File: C:/altera_lite/16.0/projects/uart_v1/uart_rx.v Line: 14
Info (12021): Found 1 design units, including 1 entities, in source file uart_tb.v
    Info (12023): Found entity 1: uart_tb File: C:/altera_lite/16.0/projects/uart_v1/uart_tb.v Line: 8
Warning (10222): Verilog HDL Parameter Declaration warning at uart_tx.v(25): Parameter Declaration in module "uart_tx" behaves as a Local Parameter Declaration because the module has a Module Parameter Port List File: C:/altera_lite/16.0/projects/uart_v1/uart_tx.v Line: 25
Warning (10222): Verilog HDL Parameter Declaration warning at uart_tx.v(26): Parameter Declaration in module "uart_tx" behaves as a Local Parameter Declaration because the module has a Module Parameter Port List File: C:/altera_lite/16.0/projects/uart_v1/uart_tx.v Line: 26
Warning (10222): Verilog HDL Parameter Declaration warning at uart_tx.v(27): Parameter Declaration in module "uart_tx" behaves as a Local Parameter Declaration because the module has a Module Parameter Port List File: C:/altera_lite/16.0/projects/uart_v1/uart_tx.v Line: 27
Warning (10222): Verilog HDL Parameter Declaration warning at uart_tx.v(28): Parameter Declaration in module "uart_tx" behaves as a Local Parameter Declaration because the module has a Module Parameter Port List File: C:/altera_lite/16.0/projects/uart_v1/uart_tx.v Line: 28
Warning (10222): Verilog HDL Parameter Declaration warning at uart_tx.v(29): Parameter Declaration in module "uart_tx" behaves as a Local Parameter Declaration because the module has a Module Parameter Port List File: C:/altera_lite/16.0/projects/uart_v1/uart_tx.v Line: 29
Warning (10222): Verilog HDL Parameter Declaration warning at uart_rx.v(23): Parameter Declaration in module "uart_rx" behaves as a Local Parameter Declaration because the module has a Module Parameter Port List File: C:/altera_lite/16.0/projects/uart_v1/uart_rx.v Line: 23
Warning (10222): Verilog HDL Parameter Declaration warning at uart_rx.v(24): Parameter Declaration in module "uart_rx" behaves as a Local Parameter Declaration because the module has a Module Parameter Port List File: C:/altera_lite/16.0/projects/uart_v1/uart_rx.v Line: 24
Warning (10222): Verilog HDL Parameter Declaration warning at uart_rx.v(25): Parameter Declaration in module "uart_rx" behaves as a Local Parameter Declaration because the module has a Module Parameter Port List File: C:/altera_lite/16.0/projects/uart_v1/uart_rx.v Line: 25
Warning (10222): Verilog HDL Parameter Declaration warning at uart_rx.v(26): Parameter Declaration in module "uart_rx" behaves as a Local Parameter Declaration because the module has a Module Parameter Port List File: C:/altera_lite/16.0/projects/uart_v1/uart_rx.v Line: 26
Warning (10222): Verilog HDL Parameter Declaration warning at uart_rx.v(27): Parameter Declaration in module "uart_rx" behaves as a Local Parameter Declaration because the module has a Module Parameter Port List File: C:/altera_lite/16.0/projects/uart_v1/uart_rx.v Line: 27
Info (12127): Elaborating entity "DE1_SOC_golden_top" for the top level hierarchy
Warning (10036): Verilog HDL or VHDL warning at DE1_SOC_golden_top.v(257): object "r_Clock" assigned a value but never read File: C:/altera_lite/16.0/projects/uart_v1/DE1_SOC_golden_top.v Line: 257
Warning (10036): Verilog HDL or VHDL warning at DE1_SOC_golden_top.v(258): object "r_Tx_DV" assigned a value but never read File: C:/altera_lite/16.0/projects/uart_v1/DE1_SOC_golden_top.v Line: 258
Warning (10034): Output port "DRAM_ADDR" at DE1_SOC_golden_top.v(103) has no driver File: C:/altera_lite/16.0/projects/uart_v1/DE1_SOC_golden_top.v Line: 103
Warning (10034): Output port "DRAM_BA" at DE1_SOC_golden_top.v(104) has no driver File: C:/altera_lite/16.0/projects/uart_v1/DE1_SOC_golden_top.v Line: 104
Warning (10034): Output port "HEX0" at DE1_SOC_golden_top.v(136) has no driver File: C:/altera_lite/16.0/projects/uart_v1/DE1_SOC_golden_top.v Line: 136
Warning (10034): Output port "HEX1" at DE1_SOC_golden_top.v(137) has no driver File: C:/altera_lite/16.0/projects/uart_v1/DE1_SOC_golden_top.v Line: 137
Warning (10034): Output port "HEX2" at DE1_SOC_golden_top.v(138) has no driver File: C:/altera_lite/16.0/projects/uart_v1/DE1_SOC_golden_top.v Line: 138
Warning (10034): Output port "HEX3" at DE1_SOC_golden_top.v(139) has no driver File: C:/altera_lite/16.0/projects/uart_v1/DE1_SOC_golden_top.v Line: 139
Warning (10034): Output port "HEX4" at DE1_SOC_golden_top.v(140) has no driver File: C:/altera_lite/16.0/projects/uart_v1/DE1_SOC_golden_top.v Line: 140
Warning (10034): Output port "HEX5" at DE1_SOC_golden_top.v(141) has no driver File: C:/altera_lite/16.0/projects/uart_v1/DE1_SOC_golden_top.v Line: 141
Warning (10034): Output port "LEDR" at DE1_SOC_golden_top.v(213) has no driver File: C:/altera_lite/16.0/projects/uart_v1/DE1_SOC_golden_top.v Line: 213
Warning (10034): Output port "VGA_B" at DE1_SOC_golden_top.v(240) has no driver File: C:/altera_lite/16.0/projects/uart_v1/DE1_SOC_golden_top.v Line: 240
Warning (10034): Output port "VGA_G" at DE1_SOC_golden_top.v(243) has no driver File: C:/altera_lite/16.0/projects/uart_v1/DE1_SOC_golden_top.v Line: 243
Warning (10034): Output port "VGA_R" at DE1_SOC_golden_top.v(245) has no driver File: C:/altera_lite/16.0/projects/uart_v1/DE1_SOC_golden_top.v Line: 245
Warning (10034): Output port "ADC_CONVST" at DE1_SOC_golden_top.v(62) has no driver File: C:/altera_lite/16.0/projects/uart_v1/DE1_SOC_golden_top.v Line: 62
Warning (10034): Output port "ADC_DIN" at DE1_SOC_golden_top.v(63) has no driver File: C:/altera_lite/16.0/projects/uart_v1/DE1_SOC_golden_top.v Line: 63
Warning (10034): Output port "ADC_SCLK" at DE1_SOC_golden_top.v(65) has no driver File: C:/altera_lite/16.0/projects/uart_v1/DE1_SOC_golden_top.v Line: 65
Warning (10034): Output port "AUD_DACDAT" at DE1_SOC_golden_top.v(75) has no driver File: C:/altera_lite/16.0/projects/uart_v1/DE1_SOC_golden_top.v Line: 75
Warning (10034): Output port "AUD_XCK" at DE1_SOC_golden_top.v(77) has no driver File: C:/altera_lite/16.0/projects/uart_v1/DE1_SOC_golden_top.v Line: 77
Warning (10034): Output port "DRAM_CAS_N" at DE1_SOC_golden_top.v(105) has no driver File: C:/altera_lite/16.0/projects/uart_v1/DE1_SOC_golden_top.v Line: 105
Warning (10034): Output port "DRAM_CKE" at DE1_SOC_golden_top.v(106) has no driver File: C:/altera_lite/16.0/projects/uart_v1/DE1_SOC_golden_top.v Line: 106
Warning (10034): Output port "DRAM_CLK" at DE1_SOC_golden_top.v(107) has no driver File: C:/altera_lite/16.0/projects/uart_v1/DE1_SOC_golden_top.v Line: 107
Warning (10034): Output port "DRAM_CS_N" at DE1_SOC_golden_top.v(108) has no driver File: C:/altera_lite/16.0/projects/uart_v1/DE1_SOC_golden_top.v Line: 108
Warning (10034): Output port "DRAM_LDQM" at DE1_SOC_golden_top.v(110) has no driver File: C:/altera_lite/16.0/projects/uart_v1/DE1_SOC_golden_top.v Line: 110
Warning (10034): Output port "DRAM_RAS_N" at DE1_SOC_golden_top.v(111) has no driver File: C:/altera_lite/16.0/projects/uart_v1/DE1_SOC_golden_top.v Line: 111
Warning (10034): Output port "DRAM_UDQM" at DE1_SOC_golden_top.v(112) has no driver File: C:/altera_lite/16.0/projects/uart_v1/DE1_SOC_golden_top.v Line: 112
Warning (10034): Output port "DRAM_WE_N" at DE1_SOC_golden_top.v(113) has no driver File: C:/altera_lite/16.0/projects/uart_v1/DE1_SOC_golden_top.v Line: 113
Warning (10034): Output port "FAN_CTRL" at DE1_SOC_golden_top.v(118) has no driver File: C:/altera_lite/16.0/projects/uart_v1/DE1_SOC_golden_top.v Line: 118
Warning (10034): Output port "FPGA_I2C_SCLK" at DE1_SOC_golden_top.v(123) has no driver File: C:/altera_lite/16.0/projects/uart_v1/DE1_SOC_golden_top.v Line: 123
Warning (10034): Output port "IRDA_TXD" at DE1_SOC_golden_top.v(203) has no driver File: C:/altera_lite/16.0/projects/uart_v1/DE1_SOC_golden_top.v Line: 203
Warning (10034): Output port "TD_RESET_N" at DE1_SOC_golden_top.v(234) has no driver File: C:/altera_lite/16.0/projects/uart_v1/DE1_SOC_golden_top.v Line: 234
Warning (10034): Output port "VGA_BLANK_N" at DE1_SOC_golden_top.v(241) has no driver File: C:/altera_lite/16.0/projects/uart_v1/DE1_SOC_golden_top.v Line: 241
Warning (10034): Output port "VGA_CLK" at DE1_SOC_golden_top.v(242) has no driver File: C:/altera_lite/16.0/projects/uart_v1/DE1_SOC_golden_top.v Line: 242
Warning (10034): Output port "VGA_HS" at DE1_SOC_golden_top.v(244) has no driver File: C:/altera_lite/16.0/projects/uart_v1/DE1_SOC_golden_top.v Line: 244
Warning (10034): Output port "VGA_SYNC_N" at DE1_SOC_golden_top.v(246) has no driver File: C:/altera_lite/16.0/projects/uart_v1/DE1_SOC_golden_top.v Line: 246
Warning (10034): Output port "VGA_VS" at DE1_SOC_golden_top.v(249) has no driver File: C:/altera_lite/16.0/projects/uart_v1/DE1_SOC_golden_top.v Line: 249
Info (12128): Elaborating entity "uart_rx" for hierarchy "uart_rx:UART_RX_INST" File: C:/altera_lite/16.0/projects/uart_v1/DE1_SOC_golden_top.v Line: 285
Warning (10230): Verilog HDL assignment warning at uart_rx.v(80): truncated value with size 32 to match size of target (8) File: C:/altera_lite/16.0/projects/uart_v1/uart_rx.v Line: 80
Warning (10230): Verilog HDL assignment warning at uart_rx.v(91): truncated value with size 32 to match size of target (8) File: C:/altera_lite/16.0/projects/uart_v1/uart_rx.v Line: 91
Warning (10230): Verilog HDL assignment warning at uart_rx.v(102): truncated value with size 32 to match size of target (3) File: C:/altera_lite/16.0/projects/uart_v1/uart_rx.v Line: 102
Warning (10230): Verilog HDL assignment warning at uart_rx.v(120): truncated value with size 32 to match size of target (8) File: C:/altera_lite/16.0/projects/uart_v1/uart_rx.v Line: 120
Warning (13039): The following bidirectional pins have no drivers
    Warning (13040): bidirectional pin "AUD_ADCLRCK" has no driver File: C:/altera_lite/16.0/projects/uart_v1/DE1_SOC_golden_top.v Line: 73
    Warning (13040): bidirectional pin "AUD_BCLK" has no driver File: C:/altera_lite/16.0/projects/uart_v1/DE1_SOC_golden_top.v Line: 74
    Warning (13040): bidirectional pin "AUD_DACLRCK" has no driver File: C:/altera_lite/16.0/projects/uart_v1/DE1_SOC_golden_top.v Line: 76
    Warning (13040): bidirectional pin "DRAM_DQ[0]" has no driver File: C:/altera_lite/16.0/projects/uart_v1/DE1_SOC_golden_top.v Line: 109
    Warning (13040): bidirectional pin "DRAM_DQ[1]" has no driver File: C:/altera_lite/16.0/projects/uart_v1/DE1_SOC_golden_top.v Line: 109
    Warning (13040): bidirectional pin "DRAM_DQ[2]" has no driver File: C:/altera_lite/16.0/projects/uart_v1/DE1_SOC_golden_top.v Line: 109
    Warning (13040): bidirectional pin "DRAM_DQ[3]" has no driver File: C:/altera_lite/16.0/projects/uart_v1/DE1_SOC_golden_top.v Line: 109
    Warning (13040): bidirectional pin "DRAM_DQ[4]" has no driver File: C:/altera_lite/16.0/projects/uart_v1/DE1_SOC_golden_top.v Line: 109
    Warning (13040): bidirectional pin "DRAM_DQ[5]" has no driver File: C:/altera_lite/16.0/projects/uart_v1/DE1_SOC_golden_top.v Line: 109
    Warning (13040): bidirectional pin "DRAM_DQ[6]" has no driver File: C:/altera_lite/16.0/projects/uart_v1/DE1_SOC_golden_top.v Line: 109
    Warning (13040): bidirectional pin "DRAM_DQ[7]" has no driver File: C:/altera_lite/16.0/projects/uart_v1/DE1_SOC_golden_top.v Line: 109
    Warning (13040): bidirectional pin "DRAM_DQ[8]" has no driver File: C:/altera_lite/16.0/projects/uart_v1/DE1_SOC_golden_top.v Line: 109
    Warning (13040): bidirectional pin "DRAM_DQ[9]" has no driver File: C:/altera_lite/16.0/projects/uart_v1/DE1_SOC_golden_top.v Line: 109
    Warning (13040): bidirectional pin "DRAM_DQ[10]" has no driver File: C:/altera_lite/16.0/projects/uart_v1/DE1_SOC_golden_top.v Line: 109
    Warning (13040): bidirectional pin "DRAM_DQ[11]" has no driver File: C:/altera_lite/16.0/projects/uart_v1/DE1_SOC_golden_top.v Line: 109
    Warning (13040): bidirectional pin "DRAM_DQ[12]" has no driver File: C:/altera_lite/16.0/projects/uart_v1/DE1_SOC_golden_top.v Line: 109
    Warning (13040): bidirectional pin "DRAM_DQ[13]" has no driver File: C:/altera_lite/16.0/projects/uart_v1/DE1_SOC_golden_top.v Line: 109
    Warning (13040): bidirectional pin "DRAM_DQ[14]" has no driver File: C:/altera_lite/16.0/projects/uart_v1/DE1_SOC_golden_top.v Line: 109
    Warning (13040): bidirectional pin "DRAM_DQ[15]" has no driver File: C:/altera_lite/16.0/projects/uart_v1/DE1_SOC_golden_top.v Line: 109
    Warning (13040): bidirectional pin "FPGA_I2C_SDAT" has no driver File: C:/altera_lite/16.0/projects/uart_v1/DE1_SOC_golden_top.v Line: 124
    Warning (13040): bidirectional pin "GPIO_0[0]" has no driver File: C:/altera_lite/16.0/projects/uart_v1/DE1_SOC_golden_top.v Line: 129
    Warning (13040): bidirectional pin "GPIO_0[1]" has no driver File: C:/altera_lite/16.0/projects/uart_v1/DE1_SOC_golden_top.v Line: 129
    Warning (13040): bidirectional pin "GPIO_0[2]" has no driver File: C:/altera_lite/16.0/projects/uart_v1/DE1_SOC_golden_top.v Line: 129
    Warning (13040): bidirectional pin "GPIO_0[3]" has no driver File: C:/altera_lite/16.0/projects/uart_v1/DE1_SOC_golden_top.v Line: 129
    Warning (13040): bidirectional pin "GPIO_0[4]" has no driver File: C:/altera_lite/16.0/projects/uart_v1/DE1_SOC_golden_top.v Line: 129
    Warning (13040): bidirectional pin "GPIO_0[5]" has no driver File: C:/altera_lite/16.0/projects/uart_v1/DE1_SOC_golden_top.v Line: 129
    Warning (13040): bidirectional pin "GPIO_0[6]" has no driver File: C:/altera_lite/16.0/projects/uart_v1/DE1_SOC_golden_top.v Line: 129
    Warning (13040): bidirectional pin "GPIO_0[7]" has no driver File: C:/altera_lite/16.0/projects/uart_v1/DE1_SOC_golden_top.v Line: 129
    Warning (13040): bidirectional pin "GPIO_0[8]" has no driver File: C:/altera_lite/16.0/projects/uart_v1/DE1_SOC_golden_top.v Line: 129
    Warning (13040): bidirectional pin "GPIO_0[9]" has no driver File: C:/altera_lite/16.0/projects/uart_v1/DE1_SOC_golden_top.v Line: 129
    Warning (13040): bidirectional pin "GPIO_0[10]" has no driver File: C:/altera_lite/16.0/projects/uart_v1/DE1_SOC_golden_top.v Line: 129
    Warning (13040): bidirectional pin "GPIO_0[11]" has no driver File: C:/altera_lite/16.0/projects/uart_v1/DE1_SOC_golden_top.v Line: 129
    Warning (13040): bidirectional pin "GPIO_0[12]" has no driver File: C:/altera_lite/16.0/projects/uart_v1/DE1_SOC_golden_top.v Line: 129
    Warning (13040): bidirectional pin "GPIO_0[13]" has no driver File: C:/altera_lite/16.0/projects/uart_v1/DE1_SOC_golden_top.v Line: 129
    Warning (13040): bidirectional pin "GPIO_0[14]" has no driver File: C:/altera_lite/16.0/projects/uart_v1/DE1_SOC_golden_top.v Line: 129
    Warning (13040): bidirectional pin "GPIO_0[15]" has no driver File: C:/altera_lite/16.0/projects/uart_v1/DE1_SOC_golden_top.v Line: 129
    Warning (13040): bidirectional pin "GPIO_0[16]" has no driver File: C:/altera_lite/16.0/projects/uart_v1/DE1_SOC_golden_top.v Line: 129
    Warning (13040): bidirectional pin "GPIO_0[17]" has no driver File: C:/altera_lite/16.0/projects/uart_v1/DE1_SOC_golden_top.v Line: 129
    Warning (13040): bidirectional pin "GPIO_0[18]" has no driver File: C:/altera_lite/16.0/projects/uart_v1/DE1_SOC_golden_top.v Line: 129
    Warning (13040): bidirectional pin "GPIO_0[19]" has no driver File: C:/altera_lite/16.0/projects/uart_v1/DE1_SOC_golden_top.v Line: 129
    Warning (13040): bidirectional pin "GPIO_0[20]" has no driver File: C:/altera_lite/16.0/projects/uart_v1/DE1_SOC_golden_top.v Line: 129
    Warning (13040): bidirectional pin "GPIO_0[21]" has no driver File: C:/altera_lite/16.0/projects/uart_v1/DE1_SOC_golden_top.v Line: 129
    Warning (13040): bidirectional pin "GPIO_0[22]" has no driver File: C:/altera_lite/16.0/projects/uart_v1/DE1_SOC_golden_top.v Line: 129
    Warning (13040): bidirectional pin "GPIO_0[23]" has no driver File: C:/altera_lite/16.0/projects/uart_v1/DE1_SOC_golden_top.v Line: 129
    Warning (13040): bidirectional pin "GPIO_0[24]" has no driver File: C:/altera_lite/16.0/projects/uart_v1/DE1_SOC_golden_top.v Line: 129
    Warning (13040): bidirectional pin "GPIO_0[25]" has no driver File: C:/altera_lite/16.0/projects/uart_v1/DE1_SOC_golden_top.v Line: 129
    Warning (13040): bidirectional pin "GPIO_0[26]" has no driver File: C:/altera_lite/16.0/projects/uart_v1/DE1_SOC_golden_top.v Line: 129
    Warning (13040): bidirectional pin "GPIO_0[27]" has no driver File: C:/altera_lite/16.0/projects/uart_v1/DE1_SOC_golden_top.v Line: 129
    Warning (13040): bidirectional pin "GPIO_0[28]" has no driver File: C:/altera_lite/16.0/projects/uart_v1/DE1_SOC_golden_top.v Line: 129
    Warning (13040): bidirectional pin "GPIO_0[29]" has no driver File: C:/altera_lite/16.0/projects/uart_v1/DE1_SOC_golden_top.v Line: 129
    Warning (13040): bidirectional pin "GPIO_0[30]" has no driver File: C:/altera_lite/16.0/projects/uart_v1/DE1_SOC_golden_top.v Line: 129
    Warning (13040): bidirectional pin "GPIO_0[31]" has no driver File: C:/altera_lite/16.0/projects/uart_v1/DE1_SOC_golden_top.v Line: 129
    Warning (13040): bidirectional pin "GPIO_0[32]" has no driver File: C:/altera_lite/16.0/projects/uart_v1/DE1_SOC_golden_top.v Line: 129
    Warning (13040): bidirectional pin "GPIO_0[33]" has no driver File: C:/altera_lite/16.0/projects/uart_v1/DE1_SOC_golden_top.v Line: 129
    Warning (13040): bidirectional pin "GPIO_0[34]" has no driver File: C:/altera_lite/16.0/projects/uart_v1/DE1_SOC_golden_top.v Line: 129
    Warning (13040): bidirectional pin "GPIO_0[35]" has no driver File: C:/altera_lite/16.0/projects/uart_v1/DE1_SOC_golden_top.v Line: 129
    Warning (13040): bidirectional pin "GPIO_1[0]" has no driver File: C:/altera_lite/16.0/projects/uart_v1/DE1_SOC_golden_top.v Line: 130
    Warning (13040): bidirectional pin "GPIO_1[1]" has no driver File: C:/altera_lite/16.0/projects/uart_v1/DE1_SOC_golden_top.v Line: 130
    Warning (13040): bidirectional pin "GPIO_1[2]" has no driver File: C:/altera_lite/16.0/projects/uart_v1/DE1_SOC_golden_top.v Line: 130
    Warning (13040): bidirectional pin "GPIO_1[3]" has no driver File: C:/altera_lite/16.0/projects/uart_v1/DE1_SOC_golden_top.v Line: 130
    Warning (13040): bidirectional pin "GPIO_1[4]" has no driver File: C:/altera_lite/16.0/projects/uart_v1/DE1_SOC_golden_top.v Line: 130
    Warning (13040): bidirectional pin "GPIO_1[5]" has no driver File: C:/altera_lite/16.0/projects/uart_v1/DE1_SOC_golden_top.v Line: 130
    Warning (13040): bidirectional pin "GPIO_1[6]" has no driver File: C:/altera_lite/16.0/projects/uart_v1/DE1_SOC_golden_top.v Line: 130
    Warning (13040): bidirectional pin "GPIO_1[7]" has no driver File: C:/altera_lite/16.0/projects/uart_v1/DE1_SOC_golden_top.v Line: 130
    Warning (13040): bidirectional pin "GPIO_1[8]" has no driver File: C:/altera_lite/16.0/projects/uart_v1/DE1_SOC_golden_top.v Line: 130
    Warning (13040): bidirectional pin "GPIO_1[9]" has no driver File: C:/altera_lite/16.0/projects/uart_v1/DE1_SOC_golden_top.v Line: 130
    Warning (13040): bidirectional pin "GPIO_1[10]" has no driver File: C:/altera_lite/16.0/projects/uart_v1/DE1_SOC_golden_top.v Line: 130
    Warning (13040): bidirectional pin "GPIO_1[11]" has no driver File: C:/altera_lite/16.0/projects/uart_v1/DE1_SOC_golden_top.v Line: 130
    Warning (13040): bidirectional pin "GPIO_1[12]" has no driver File: C:/altera_lite/16.0/projects/uart_v1/DE1_SOC_golden_top.v Line: 130
    Warning (13040): bidirectional pin "GPIO_1[13]" has no driver File: C:/altera_lite/16.0/projects/uart_v1/DE1_SOC_golden_top.v Line: 130
    Warning (13040): bidirectional pin "GPIO_1[14]" has no driver File: C:/altera_lite/16.0/projects/uart_v1/DE1_SOC_golden_top.v Line: 130
    Warning (13040): bidirectional pin "GPIO_1[15]" has no driver File: C:/altera_lite/16.0/projects/uart_v1/DE1_SOC_golden_top.v Line: 130
    Warning (13040): bidirectional pin "GPIO_1[16]" has no driver File: C:/altera_lite/16.0/projects/uart_v1/DE1_SOC_golden_top.v Line: 130
    Warning (13040): bidirectional pin "GPIO_1[17]" has no driver File: C:/altera_lite/16.0/projects/uart_v1/DE1_SOC_golden_top.v Line: 130
    Warning (13040): bidirectional pin "GPIO_1[18]" has no driver File: C:/altera_lite/16.0/projects/uart_v1/DE1_SOC_golden_top.v Line: 130
    Warning (13040): bidirectional pin "GPIO_1[19]" has no driver File: C:/altera_lite/16.0/projects/uart_v1/DE1_SOC_golden_top.v Line: 130
    Warning (13040): bidirectional pin "GPIO_1[20]" has no driver File: C:/altera_lite/16.0/projects/uart_v1/DE1_SOC_golden_top.v Line: 130
    Warning (13040): bidirectional pin "GPIO_1[21]" has no driver File: C:/altera_lite/16.0/projects/uart_v1/DE1_SOC_golden_top.v Line: 130
    Warning (13040): bidirectional pin "GPIO_1[22]" has no driver File: C:/altera_lite/16.0/projects/uart_v1/DE1_SOC_golden_top.v Line: 130
    Warning (13040): bidirectional pin "GPIO_1[23]" has no driver File: C:/altera_lite/16.0/projects/uart_v1/DE1_SOC_golden_top.v Line: 130
    Warning (13040): bidirectional pin "GPIO_1[24]" has no driver File: C:/altera_lite/16.0/projects/uart_v1/DE1_SOC_golden_top.v Line: 130
    Warning (13040): bidirectional pin "GPIO_1[25]" has no driver File: C:/altera_lite/16.0/projects/uart_v1/DE1_SOC_golden_top.v Line: 130
    Warning (13040): bidirectional pin "GPIO_1[26]" has no driver File: C:/altera_lite/16.0/projects/uart_v1/DE1_SOC_golden_top.v Line: 130
    Warning (13040): bidirectional pin "GPIO_1[27]" has no driver File: C:/altera_lite/16.0/projects/uart_v1/DE1_SOC_golden_top.v Line: 130
    Warning (13040): bidirectional pin "GPIO_1[28]" has no driver File: C:/altera_lite/16.0/projects/uart_v1/DE1_SOC_golden_top.v Line: 130
    Warning (13040): bidirectional pin "GPIO_1[29]" has no driver File: C:/altera_lite/16.0/projects/uart_v1/DE1_SOC_golden_top.v Line: 130
    Warning (13040): bidirectional pin "GPIO_1[30]" has no driver File: C:/altera_lite/16.0/projects/uart_v1/DE1_SOC_golden_top.v Line: 130
    Warning (13040): bidirectional pin "GPIO_1[31]" has no driver File: C:/altera_lite/16.0/projects/uart_v1/DE1_SOC_golden_top.v Line: 130
    Warning (13040): bidirectional pin "GPIO_1[32]" has no driver File: C:/altera_lite/16.0/projects/uart_v1/DE1_SOC_golden_top.v Line: 130
    Warning (13040): bidirectional pin "GPIO_1[33]" has no driver File: C:/altera_lite/16.0/projects/uart_v1/DE1_SOC_golden_top.v Line: 130
    Warning (13040): bidirectional pin "GPIO_1[34]" has no driver File: C:/altera_lite/16.0/projects/uart_v1/DE1_SOC_golden_top.v Line: 130
    Warning (13040): bidirectional pin "GPIO_1[35]" has no driver File: C:/altera_lite/16.0/projects/uart_v1/DE1_SOC_golden_top.v Line: 130
    Warning (13040): bidirectional pin "PS2_CLK" has no driver File: C:/altera_lite/16.0/projects/uart_v1/DE1_SOC_golden_top.v Line: 218
    Warning (13040): bidirectional pin "PS2_CLK2" has no driver File: C:/altera_lite/16.0/projects/uart_v1/DE1_SOC_golden_top.v Line: 219
    Warning (13040): bidirectional pin "PS2_DAT" has no driver File: C:/altera_lite/16.0/projects/uart_v1/DE1_SOC_golden_top.v Line: 220
    Warning (13040): bidirectional pin "PS2_DAT2" has no driver File: C:/altera_lite/16.0/projects/uart_v1/DE1_SOC_golden_top.v Line: 221
Warning (13024): Output pins are stuck at VCC or GND
    Warning (13410): Pin "ADC_CONVST" is stuck at GND File: C:/altera_lite/16.0/projects/uart_v1/DE1_SOC_golden_top.v Line: 62
    Warning (13410): Pin "ADC_DIN" is stuck at GND File: C:/altera_lite/16.0/projects/uart_v1/DE1_SOC_golden_top.v Line: 63
    Warning (13410): Pin "ADC_SCLK" is stuck at GND File: C:/altera_lite/16.0/projects/uart_v1/DE1_SOC_golden_top.v Line: 65
    Warning (13410): Pin "AUD_DACDAT" is stuck at GND File: C:/altera_lite/16.0/projects/uart_v1/DE1_SOC_golden_top.v Line: 75
    Warning (13410): Pin "AUD_XCK" is stuck at GND File: C:/altera_lite/16.0/projects/uart_v1/DE1_SOC_golden_top.v Line: 77
    Warning (13410): Pin "DRAM_ADDR[0]" is stuck at GND File: C:/altera_lite/16.0/projects/uart_v1/DE1_SOC_golden_top.v Line: 103
    Warning (13410): Pin "DRAM_ADDR[1]" is stuck at GND File: C:/altera_lite/16.0/projects/uart_v1/DE1_SOC_golden_top.v Line: 103
    Warning (13410): Pin "DRAM_ADDR[2]" is stuck at GND File: C:/altera_lite/16.0/projects/uart_v1/DE1_SOC_golden_top.v Line: 103
    Warning (13410): Pin "DRAM_ADDR[3]" is stuck at GND File: C:/altera_lite/16.0/projects/uart_v1/DE1_SOC_golden_top.v Line: 103
    Warning (13410): Pin "DRAM_ADDR[4]" is stuck at GND File: C:/altera_lite/16.0/projects/uart_v1/DE1_SOC_golden_top.v Line: 103
    Warning (13410): Pin "DRAM_ADDR[5]" is stuck at GND File: C:/altera_lite/16.0/projects/uart_v1/DE1_SOC_golden_top.v Line: 103
    Warning (13410): Pin "DRAM_ADDR[6]" is stuck at GND File: C:/altera_lite/16.0/projects/uart_v1/DE1_SOC_golden_top.v Line: 103
    Warning (13410): Pin "DRAM_ADDR[7]" is stuck at GND File: C:/altera_lite/16.0/projects/uart_v1/DE1_SOC_golden_top.v Line: 103
    Warning (13410): Pin "DRAM_ADDR[8]" is stuck at GND File: C:/altera_lite/16.0/projects/uart_v1/DE1_SOC_golden_top.v Line: 103
    Warning (13410): Pin "DRAM_ADDR[9]" is stuck at GND File: C:/altera_lite/16.0/projects/uart_v1/DE1_SOC_golden_top.v Line: 103
    Warning (13410): Pin "DRAM_ADDR[10]" is stuck at GND File: C:/altera_lite/16.0/projects/uart_v1/DE1_SOC_golden_top.v Line: 103
    Warning (13410): Pin "DRAM_ADDR[11]" is stuck at GND File: C:/altera_lite/16.0/projects/uart_v1/DE1_SOC_golden_top.v Line: 103
    Warning (13410): Pin "DRAM_ADDR[12]" is stuck at GND File: C:/altera_lite/16.0/projects/uart_v1/DE1_SOC_golden_top.v Line: 103
    Warning (13410): Pin "DRAM_BA[0]" is stuck at GND File: C:/altera_lite/16.0/projects/uart_v1/DE1_SOC_golden_top.v Line: 104
    Warning (13410): Pin "DRAM_BA[1]" is stuck at GND File: C:/altera_lite/16.0/projects/uart_v1/DE1_SOC_golden_top.v Line: 104
    Warning (13410): Pin "DRAM_CAS_N" is stuck at GND File: C:/altera_lite/16.0/projects/uart_v1/DE1_SOC_golden_top.v Line: 105
    Warning (13410): Pin "DRAM_CKE" is stuck at GND File: C:/altera_lite/16.0/projects/uart_v1/DE1_SOC_golden_top.v Line: 106
    Warning (13410): Pin "DRAM_CLK" is stuck at GND File: C:/altera_lite/16.0/projects/uart_v1/DE1_SOC_golden_top.v Line: 107
    Warning (13410): Pin "DRAM_CS_N" is stuck at GND File: C:/altera_lite/16.0/projects/uart_v1/DE1_SOC_golden_top.v Line: 108
    Warning (13410): Pin "DRAM_LDQM" is stuck at GND File: C:/altera_lite/16.0/projects/uart_v1/DE1_SOC_golden_top.v Line: 110
    Warning (13410): Pin "DRAM_RAS_N" is stuck at GND File: C:/altera_lite/16.0/projects/uart_v1/DE1_SOC_golden_top.v Line: 111
    Warning (13410): Pin "DRAM_UDQM" is stuck at GND File: C:/altera_lite/16.0/projects/uart_v1/DE1_SOC_golden_top.v Line: 112
    Warning (13410): Pin "DRAM_WE_N" is stuck at GND File: C:/altera_lite/16.0/projects/uart_v1/DE1_SOC_golden_top.v Line: 113
    Warning (13410): Pin "FAN_CTRL" is stuck at GND File: C:/altera_lite/16.0/projects/uart_v1/DE1_SOC_golden_top.v Line: 118
    Warning (13410): Pin "FPGA_I2C_SCLK" is stuck at GND File: C:/altera_lite/16.0/projects/uart_v1/DE1_SOC_golden_top.v Line: 123
    Warning (13410): Pin "HEX0[0]" is stuck at GND File: C:/altera_lite/16.0/projects/uart_v1/DE1_SOC_golden_top.v Line: 136
    Warning (13410): Pin "HEX0[1]" is stuck at GND File: C:/altera_lite/16.0/projects/uart_v1/DE1_SOC_golden_top.v Line: 136
    Warning (13410): Pin "HEX0[2]" is stuck at GND File: C:/altera_lite/16.0/projects/uart_v1/DE1_SOC_golden_top.v Line: 136
    Warning (13410): Pin "HEX0[3]" is stuck at GND File: C:/altera_lite/16.0/projects/uart_v1/DE1_SOC_golden_top.v Line: 136
    Warning (13410): Pin "HEX0[4]" is stuck at GND File: C:/altera_lite/16.0/projects/uart_v1/DE1_SOC_golden_top.v Line: 136
    Warning (13410): Pin "HEX0[5]" is stuck at GND File: C:/altera_lite/16.0/projects/uart_v1/DE1_SOC_golden_top.v Line: 136
    Warning (13410): Pin "HEX0[6]" is stuck at GND File: C:/altera_lite/16.0/projects/uart_v1/DE1_SOC_golden_top.v Line: 136
    Warning (13410): Pin "HEX1[0]" is stuck at GND File: C:/altera_lite/16.0/projects/uart_v1/DE1_SOC_golden_top.v Line: 137
    Warning (13410): Pin "HEX1[1]" is stuck at GND File: C:/altera_lite/16.0/projects/uart_v1/DE1_SOC_golden_top.v Line: 137
    Warning (13410): Pin "HEX1[2]" is stuck at GND File: C:/altera_lite/16.0/projects/uart_v1/DE1_SOC_golden_top.v Line: 137
    Warning (13410): Pin "HEX1[3]" is stuck at GND File: C:/altera_lite/16.0/projects/uart_v1/DE1_SOC_golden_top.v Line: 137
    Warning (13410): Pin "HEX1[4]" is stuck at GND File: C:/altera_lite/16.0/projects/uart_v1/DE1_SOC_golden_top.v Line: 137
    Warning (13410): Pin "HEX1[5]" is stuck at GND File: C:/altera_lite/16.0/projects/uart_v1/DE1_SOC_golden_top.v Line: 137
    Warning (13410): Pin "HEX1[6]" is stuck at GND File: C:/altera_lite/16.0/projects/uart_v1/DE1_SOC_golden_top.v Line: 137
    Warning (13410): Pin "HEX2[0]" is stuck at GND File: C:/altera_lite/16.0/projects/uart_v1/DE1_SOC_golden_top.v Line: 138
    Warning (13410): Pin "HEX2[1]" is stuck at GND File: C:/altera_lite/16.0/projects/uart_v1/DE1_SOC_golden_top.v Line: 138
    Warning (13410): Pin "HEX2[2]" is stuck at GND File: C:/altera_lite/16.0/projects/uart_v1/DE1_SOC_golden_top.v Line: 138
    Warning (13410): Pin "HEX2[3]" is stuck at GND File: C:/altera_lite/16.0/projects/uart_v1/DE1_SOC_golden_top.v Line: 138
    Warning (13410): Pin "HEX2[4]" is stuck at GND File: C:/altera_lite/16.0/projects/uart_v1/DE1_SOC_golden_top.v Line: 138
    Warning (13410): Pin "HEX2[5]" is stuck at GND File: C:/altera_lite/16.0/projects/uart_v1/DE1_SOC_golden_top.v Line: 138
    Warning (13410): Pin "HEX2[6]" is stuck at GND File: C:/altera_lite/16.0/projects/uart_v1/DE1_SOC_golden_top.v Line: 138
    Warning (13410): Pin "HEX3[0]" is stuck at GND File: C:/altera_lite/16.0/projects/uart_v1/DE1_SOC_golden_top.v Line: 139
    Warning (13410): Pin "HEX3[1]" is stuck at GND File: C:/altera_lite/16.0/projects/uart_v1/DE1_SOC_golden_top.v Line: 139
    Warning (13410): Pin "HEX3[2]" is stuck at GND File: C:/altera_lite/16.0/projects/uart_v1/DE1_SOC_golden_top.v Line: 139
    Warning (13410): Pin "HEX3[3]" is stuck at GND File: C:/altera_lite/16.0/projects/uart_v1/DE1_SOC_golden_top.v Line: 139
    Warning (13410): Pin "HEX3[4]" is stuck at GND File: C:/altera_lite/16.0/projects/uart_v1/DE1_SOC_golden_top.v Line: 139
    Warning (13410): Pin "HEX3[5]" is stuck at GND File: C:/altera_lite/16.0/projects/uart_v1/DE1_SOC_golden_top.v Line: 139
    Warning (13410): Pin "HEX3[6]" is stuck at GND File: C:/altera_lite/16.0/projects/uart_v1/DE1_SOC_golden_top.v Line: 139
    Warning (13410): Pin "HEX4[0]" is stuck at GND File: C:/altera_lite/16.0/projects/uart_v1/DE1_SOC_golden_top.v Line: 140
    Warning (13410): Pin "HEX4[1]" is stuck at GND File: C:/altera_lite/16.0/projects/uart_v1/DE1_SOC_golden_top.v Line: 140
    Warning (13410): Pin "HEX4[2]" is stuck at GND File: C:/altera_lite/16.0/projects/uart_v1/DE1_SOC_golden_top.v Line: 140
    Warning (13410): Pin "HEX4[3]" is stuck at GND File: C:/altera_lite/16.0/projects/uart_v1/DE1_SOC_golden_top.v Line: 140
    Warning (13410): Pin "HEX4[4]" is stuck at GND File: C:/altera_lite/16.0/projects/uart_v1/DE1_SOC_golden_top.v Line: 140
    Warning (13410): Pin "HEX4[5]" is stuck at GND File: C:/altera_lite/16.0/projects/uart_v1/DE1_SOC_golden_top.v Line: 140
    Warning (13410): Pin "HEX4[6]" is stuck at GND File: C:/altera_lite/16.0/projects/uart_v1/DE1_SOC_golden_top.v Line: 140
    Warning (13410): Pin "HEX5[0]" is stuck at GND File: C:/altera_lite/16.0/projects/uart_v1/DE1_SOC_golden_top.v Line: 141
    Warning (13410): Pin "HEX5[1]" is stuck at GND File: C:/altera_lite/16.0/projects/uart_v1/DE1_SOC_golden_top.v Line: 141
    Warning (13410): Pin "HEX5[2]" is stuck at GND File: C:/altera_lite/16.0/projects/uart_v1/DE1_SOC_golden_top.v Line: 141
    Warning (13410): Pin "HEX5[3]" is stuck at GND File: C:/altera_lite/16.0/projects/uart_v1/DE1_SOC_golden_top.v Line: 141
    Warning (13410): Pin "HEX5[4]" is stuck at GND File: C:/altera_lite/16.0/projects/uart_v1/DE1_SOC_golden_top.v Line: 141
    Warning (13410): Pin "HEX5[5]" is stuck at GND File: C:/altera_lite/16.0/projects/uart_v1/DE1_SOC_golden_top.v Line: 141
    Warning (13410): Pin "HEX5[6]" is stuck at GND File: C:/altera_lite/16.0/projects/uart_v1/DE1_SOC_golden_top.v Line: 141
    Warning (13410): Pin "IRDA_TXD" is stuck at GND File: C:/altera_lite/16.0/projects/uart_v1/DE1_SOC_golden_top.v Line: 203
    Warning (13410): Pin "LEDR[0]" is stuck at GND File: C:/altera_lite/16.0/projects/uart_v1/DE1_SOC_golden_top.v Line: 213
    Warning (13410): Pin "LEDR[1]" is stuck at GND File: C:/altera_lite/16.0/projects/uart_v1/DE1_SOC_golden_top.v Line: 213
    Warning (13410): Pin "LEDR[2]" is stuck at GND File: C:/altera_lite/16.0/projects/uart_v1/DE1_SOC_golden_top.v Line: 213
    Warning (13410): Pin "LEDR[3]" is stuck at GND File: C:/altera_lite/16.0/projects/uart_v1/DE1_SOC_golden_top.v Line: 213
    Warning (13410): Pin "LEDR[4]" is stuck at GND File: C:/altera_lite/16.0/projects/uart_v1/DE1_SOC_golden_top.v Line: 213
    Warning (13410): Pin "LEDR[5]" is stuck at GND File: C:/altera_lite/16.0/projects/uart_v1/DE1_SOC_golden_top.v Line: 213
    Warning (13410): Pin "LEDR[6]" is stuck at GND File: C:/altera_lite/16.0/projects/uart_v1/DE1_SOC_golden_top.v Line: 213
    Warning (13410): Pin "LEDR[7]" is stuck at GND File: C:/altera_lite/16.0/projects/uart_v1/DE1_SOC_golden_top.v Line: 213
    Warning (13410): Pin "LEDR[8]" is stuck at GND File: C:/altera_lite/16.0/projects/uart_v1/DE1_SOC_golden_top.v Line: 213
    Warning (13410): Pin "LEDR[9]" is stuck at GND File: C:/altera_lite/16.0/projects/uart_v1/DE1_SOC_golden_top.v Line: 213
    Warning (13410): Pin "TD_RESET_N" is stuck at GND File: C:/altera_lite/16.0/projects/uart_v1/DE1_SOC_golden_top.v Line: 234
    Warning (13410): Pin "VGA_B[0]" is stuck at GND File: C:/altera_lite/16.0/projects/uart_v1/DE1_SOC_golden_top.v Line: 240
    Warning (13410): Pin "VGA_B[1]" is stuck at GND File: C:/altera_lite/16.0/projects/uart_v1/DE1_SOC_golden_top.v Line: 240
    Warning (13410): Pin "VGA_B[2]" is stuck at GND File: C:/altera_lite/16.0/projects/uart_v1/DE1_SOC_golden_top.v Line: 240
    Warning (13410): Pin "VGA_B[3]" is stuck at GND File: C:/altera_lite/16.0/projects/uart_v1/DE1_SOC_golden_top.v Line: 240
    Warning (13410): Pin "VGA_B[4]" is stuck at GND File: C:/altera_lite/16.0/projects/uart_v1/DE1_SOC_golden_top.v Line: 240
    Warning (13410): Pin "VGA_B[5]" is stuck at GND File: C:/altera_lite/16.0/projects/uart_v1/DE1_SOC_golden_top.v Line: 240
    Warning (13410): Pin "VGA_B[6]" is stuck at GND File: C:/altera_lite/16.0/projects/uart_v1/DE1_SOC_golden_top.v Line: 240
    Warning (13410): Pin "VGA_B[7]" is stuck at GND File: C:/altera_lite/16.0/projects/uart_v1/DE1_SOC_golden_top.v Line: 240
    Warning (13410): Pin "VGA_BLANK_N" is stuck at GND File: C:/altera_lite/16.0/projects/uart_v1/DE1_SOC_golden_top.v Line: 241
    Warning (13410): Pin "VGA_CLK" is stuck at GND File: C:/altera_lite/16.0/projects/uart_v1/DE1_SOC_golden_top.v Line: 242
    Warning (13410): Pin "VGA_G[0]" is stuck at GND File: C:/altera_lite/16.0/projects/uart_v1/DE1_SOC_golden_top.v Line: 243
    Warning (13410): Pin "VGA_G[1]" is stuck at GND File: C:/altera_lite/16.0/projects/uart_v1/DE1_SOC_golden_top.v Line: 243
    Warning (13410): Pin "VGA_G[2]" is stuck at GND File: C:/altera_lite/16.0/projects/uart_v1/DE1_SOC_golden_top.v Line: 243
    Warning (13410): Pin "VGA_G[3]" is stuck at GND File: C:/altera_lite/16.0/projects/uart_v1/DE1_SOC_golden_top.v Line: 243
    Warning (13410): Pin "VGA_G[4]" is stuck at GND File: C:/altera_lite/16.0/projects/uart_v1/DE1_SOC_golden_top.v Line: 243
    Warning (13410): Pin "VGA_G[5]" is stuck at GND File: C:/altera_lite/16.0/projects/uart_v1/DE1_SOC_golden_top.v Line: 243
    Warning (13410): Pin "VGA_G[6]" is stuck at GND File: C:/altera_lite/16.0/projects/uart_v1/DE1_SOC_golden_top.v Line: 243
    Warning (13410): Pin "VGA_G[7]" is stuck at GND File: C:/altera_lite/16.0/projects/uart_v1/DE1_SOC_golden_top.v Line: 243
    Warning (13410): Pin "VGA_HS" is stuck at GND File: C:/altera_lite/16.0/projects/uart_v1/DE1_SOC_golden_top.v Line: 244
    Warning (13410): Pin "VGA_R[0]" is stuck at GND File: C:/altera_lite/16.0/projects/uart_v1/DE1_SOC_golden_top.v Line: 245
    Warning (13410): Pin "VGA_R[1]" is stuck at GND File: C:/altera_lite/16.0/projects/uart_v1/DE1_SOC_golden_top.v Line: 245
    Warning (13410): Pin "VGA_R[2]" is stuck at GND File: C:/altera_lite/16.0/projects/uart_v1/DE1_SOC_golden_top.v Line: 245
    Warning (13410): Pin "VGA_R[3]" is stuck at GND File: C:/altera_lite/16.0/projects/uart_v1/DE1_SOC_golden_top.v Line: 245
    Warning (13410): Pin "VGA_R[4]" is stuck at GND File: C:/altera_lite/16.0/projects/uart_v1/DE1_SOC_golden_top.v Line: 245
    Warning (13410): Pin "VGA_R[5]" is stuck at GND File: C:/altera_lite/16.0/projects/uart_v1/DE1_SOC_golden_top.v Line: 245
    Warning (13410): Pin "VGA_R[6]" is stuck at GND File: C:/altera_lite/16.0/projects/uart_v1/DE1_SOC_golden_top.v Line: 245
    Warning (13410): Pin "VGA_R[7]" is stuck at GND File: C:/altera_lite/16.0/projects/uart_v1/DE1_SOC_golden_top.v Line: 245
    Warning (13410): Pin "VGA_SYNC_N" is stuck at GND File: C:/altera_lite/16.0/projects/uart_v1/DE1_SOC_golden_top.v Line: 246
    Warning (13410): Pin "VGA_VS" is stuck at GND File: C:/altera_lite/16.0/projects/uart_v1/DE1_SOC_golden_top.v Line: 249
Info (286030): Timing-Driven Synthesis is running
Info (17049): 18 registers lost all their fanouts during netlist optimizations.
Info (16010): Generating hard_block partition "hard_block:auto_generated_inst"
    Info (16011): Adding 0 node(s), including 0 DDIO, 0 PLL, 0 transceiver and 0 LCELL
Warning (21074): Design contains 31 input pin(s) that do not drive logic
    Warning (15610): No output dependent on input pin "ADC_DOUT" File: C:/altera_lite/16.0/projects/uart_v1/DE1_SOC_golden_top.v Line: 64
    Warning (15610): No output dependent on input pin "AUD_ADCDAT" File: C:/altera_lite/16.0/projects/uart_v1/DE1_SOC_golden_top.v Line: 72
    Warning (15610): No output dependent on input pin "CLOCK3_50" File: C:/altera_lite/16.0/projects/uart_v1/DE1_SOC_golden_top.v Line: 88
    Warning (15610): No output dependent on input pin "CLOCK4_50" File: C:/altera_lite/16.0/projects/uart_v1/DE1_SOC_golden_top.v Line: 93
    Warning (15610): No output dependent on input pin "CLOCK_50" File: C:/altera_lite/16.0/projects/uart_v1/DE1_SOC_golden_top.v Line: 98
    Warning (15610): No output dependent on input pin "IRDA_RXD" File: C:/altera_lite/16.0/projects/uart_v1/DE1_SOC_golden_top.v Line: 202
    Warning (15610): No output dependent on input pin "KEY[0]" File: C:/altera_lite/16.0/projects/uart_v1/DE1_SOC_golden_top.v Line: 208
    Warning (15610): No output dependent on input pin "KEY[1]" File: C:/altera_lite/16.0/projects/uart_v1/DE1_SOC_golden_top.v Line: 208
    Warning (15610): No output dependent on input pin "KEY[2]" File: C:/altera_lite/16.0/projects/uart_v1/DE1_SOC_golden_top.v Line: 208
    Warning (15610): No output dependent on input pin "KEY[3]" File: C:/altera_lite/16.0/projects/uart_v1/DE1_SOC_golden_top.v Line: 208
    Warning (15610): No output dependent on input pin "SW[0]" File: C:/altera_lite/16.0/projects/uart_v1/DE1_SOC_golden_top.v Line: 226
    Warning (15610): No output dependent on input pin "SW[1]" File: C:/altera_lite/16.0/projects/uart_v1/DE1_SOC_golden_top.v Line: 226
    Warning (15610): No output dependent on input pin "SW[2]" File: C:/altera_lite/16.0/projects/uart_v1/DE1_SOC_golden_top.v Line: 226
    Warning (15610): No output dependent on input pin "SW[3]" File: C:/altera_lite/16.0/projects/uart_v1/DE1_SOC_golden_top.v Line: 226
    Warning (15610): No output dependent on input pin "SW[4]" File: C:/altera_lite/16.0/projects/uart_v1/DE1_SOC_golden_top.v Line: 226
    Warning (15610): No output dependent on input pin "SW[5]" File: C:/altera_lite/16.0/projects/uart_v1/DE1_SOC_golden_top.v Line: 226
    Warning (15610): No output dependent on input pin "SW[6]" File: C:/altera_lite/16.0/projects/uart_v1/DE1_SOC_golden_top.v Line: 226
    Warning (15610): No output dependent on input pin "SW[7]" File: C:/altera_lite/16.0/projects/uart_v1/DE1_SOC_golden_top.v Line: 226
    Warning (15610): No output dependent on input pin "SW[8]" File: C:/altera_lite/16.0/projects/uart_v1/DE1_SOC_golden_top.v Line: 226
    Warning (15610): No output dependent on input pin "SW[9]" File: C:/altera_lite/16.0/projects/uart_v1/DE1_SOC_golden_top.v Line: 226
    Warning (15610): No output dependent on input pin "TD_CLK27" File: C:/altera_lite/16.0/projects/uart_v1/DE1_SOC_golden_top.v Line: 231
    Warning (15610): No output dependent on input pin "TD_DATA[0]" File: C:/altera_lite/16.0/projects/uart_v1/DE1_SOC_golden_top.v Line: 232
    Warning (15610): No output dependent on input pin "TD_DATA[1]" File: C:/altera_lite/16.0/projects/uart_v1/DE1_SOC_golden_top.v Line: 232
    Warning (15610): No output dependent on input pin "TD_DATA[2]" File: C:/altera_lite/16.0/projects/uart_v1/DE1_SOC_golden_top.v Line: 232
    Warning (15610): No output dependent on input pin "TD_DATA[3]" File: C:/altera_lite/16.0/projects/uart_v1/DE1_SOC_golden_top.v Line: 232
    Warning (15610): No output dependent on input pin "TD_DATA[4]" File: C:/altera_lite/16.0/projects/uart_v1/DE1_SOC_golden_top.v Line: 232
    Warning (15610): No output dependent on input pin "TD_DATA[5]" File: C:/altera_lite/16.0/projects/uart_v1/DE1_SOC_golden_top.v Line: 232
    Warning (15610): No output dependent on input pin "TD_DATA[6]" File: C:/altera_lite/16.0/projects/uart_v1/DE1_SOC_golden_top.v Line: 232
    Warning (15610): No output dependent on input pin "TD_DATA[7]" File: C:/altera_lite/16.0/projects/uart_v1/DE1_SOC_golden_top.v Line: 232
    Warning (15610): No output dependent on input pin "TD_HS" File: C:/altera_lite/16.0/projects/uart_v1/DE1_SOC_golden_top.v Line: 233
    Warning (15610): No output dependent on input pin "TD_VS" File: C:/altera_lite/16.0/projects/uart_v1/DE1_SOC_golden_top.v Line: 235
Info (21057): Implemented 283 device resources after synthesis - the final resource count might be different
    Info (21058): Implemented 32 input pins
    Info (21059): Implemented 114 output pins
    Info (21060): Implemented 96 bidirectional pins
    Info (21061): Implemented 41 logic cells
Info: Quartus Prime Analysis & Synthesis was successful. 0 errors, 294 warnings
    Info: Peak virtual memory: 5009 megabytes
    Info: Processing ended: Tue Nov 29 00:50:10 2022
    Info: Elapsed time: 00:00:13
    Info: Total CPU time (on all processors): 00:00:30


