Assembler report for button_counter
Wed Aug 31 23:49:42 2022
Quartus Prime Version 16.0.0 Build 211 04/27/2016 SJ Lite Edition


---------------------
; Table of Contents ;
---------------------
  1. Legal Notice
  2. Assembler Summary
  3. Assembler Settings
  4. Assembler Generated Files
  5. Assembler Device Options: C:/altera_lite/16.0/projects/button_counter/output_files/button_counter.sof
  6. Assembler Device Options: C:/altera_lite/16.0/projects/button_counter/output_files/button_counter.pof
  7. Assembler Messages



----------------
; Legal Notice ;
----------------
Copyright (C) 1991-2016 Altera Corporation. All rights reserved.
Your use of Altera Corporation's design tools, logic functions 
and other software and tools, and its AMPP partner logic 
functions, and any output files from any of the foregoing 
(including device programming or simulation files), and any 
associated documentation or information are expressly subject 
to the terms and conditions of the Altera Program License 
Subscription Agreement, the Altera Quartus Prime License Agreement,
the Altera MegaCore Function License Agreement, or other 
applicable license agreement, including, without limitation, 
that your use is for the sole purpose of programming logic 
devices manufactured by Altera and sold by Altera or its 
authorized distributors.  Please refer to the applicable 
agreement for further details.



+---------------------------------------------------------------+
; Assembler Summary                                             ;
+-----------------------+---------------------------------------+
; Assembler Status      ; Successful - Wed Aug 31 23:49:42 2022 ;
; Revision Name         ; button_counter                        ;
; Top-level Entity Name ; button_counter                        ;
; Family                ; Cyclone V                             ;
; Device                ; 5CSEMA5F31C6                          ;
+-----------------------+---------------------------------------+


+----------------------------------+
; Assembler Settings               ;
+--------+---------+---------------+
; Option ; Setting ; Default Value ;
+--------+---------+---------------+


+-----------------------------------------------------------------------------+
; Assembler Generated Files                                                   ;
+-----------------------------------------------------------------------------+
; File Name                                                                   ;
+-----------------------------------------------------------------------------+
; C:/altera_lite/16.0/projects/button_counter/output_files/button_counter.sof ;
; C:/altera_lite/16.0/projects/button_counter/output_files/button_counter.pof ;
+-----------------------------------------------------------------------------+


+-------------------------------------------------------------------------------------------------------+
; Assembler Device Options: C:/altera_lite/16.0/projects/button_counter/output_files/button_counter.sof ;
+----------------+--------------------------------------------------------------------------------------+
; Option         ; Setting                                                                              ;
+----------------+--------------------------------------------------------------------------------------+
; Device         ; 5CSEMA5F31C6                                                                         ;
; JTAG usercode  ; 0x00AF6245                                                                           ;
; Checksum       ; 0x00AF6245                                                                           ;
+----------------+--------------------------------------------------------------------------------------+


+-------------------------------------------------------------------------------------------------------+
; Assembler Device Options: C:/altera_lite/16.0/projects/button_counter/output_files/button_counter.pof ;
+--------------------+----------------------------------------------------------------------------------+
; Option             ; Setting                                                                          ;
+--------------------+----------------------------------------------------------------------------------+
; Device             ; EPCQ256                                                                          ;
; JTAG usercode      ; 0x00000000                                                                       ;
; Checksum           ; 0xE1EC134C                                                                       ;
; Compression Ratio  ; 3                                                                                ;
+--------------------+----------------------------------------------------------------------------------+


+--------------------+
; Assembler Messages ;
+--------------------+
Info: *******************************************************************
Info: Running Quartus Prime Assembler
    Info: Version 16.0.0 Build 211 04/27/2016 SJ Lite Edition
    Info: Processing started: Wed Aug 31 23:49:30 2022
Info: Command: quartus_asm --read_settings_files=off --write_settings_files=off button_counter -c button_counter
Info (115030): Assembler is generating device programming files
Info: Quartus Prime Assembler was successful. 0 errors, 0 warnings
    Info: Peak virtual memory: 5018 megabytes
    Info: Processing ended: Wed Aug 31 23:49:42 2022
    Info: Elapsed time: 00:00:12
    Info: Total CPU time (on all processors): 00:00:12


